TN:
SF:services/authService.ts
FN:16,extractPkceCodeFromCallbackUrl
FN:30,authUserToAppUser
FN:104,(anonymous_2)
FN:113,(anonymous_3)
FN:128,(anonymous_4)
FN:143,(anonymous_5)
FN:174,(anonymous_6)
FN:198,(anonymous_7)
FN:234,(anonymous_8)
FN:324,(anonymous_9)
FN:340,(anonymous_10)
FN:351,(anonymous_11)
FN:362,(anonymous_12)
FN:385,(anonymous_13)
FN:398,(anonymous_14)
FN:411,(anonymous_15)
FN:430,(anonymous_16)
FN:472,(anonymous_17)
FN:586,(anonymous_18)
FN:587,(anonymous_19)
FN:598,(anonymous_20)
FN:599,(anonymous_21)
FNF:22
FNH:0
FNDA:0,extractPkceCodeFromCallbackUrl
FNDA:0,authUserToAppUser
FNDA:0,(anonymous_2)
FNDA:0,(anonymous_3)
FNDA:0,(anonymous_4)
FNDA:0,(anonymous_5)
FNDA:0,(anonymous_6)
FNDA:0,(anonymous_7)
FNDA:0,(anonymous_8)
FNDA:0,(anonymous_9)
FNDA:0,(anonymous_10)
FNDA:0,(anonymous_11)
FNDA:0,(anonymous_12)
FNDA:0,(anonymous_13)
FNDA:0,(anonymous_14)
FNDA:0,(anonymous_15)
FNDA:0,(anonymous_16)
FNDA:0,(anonymous_17)
FNDA:0,(anonymous_18)
FNDA:0,(anonymous_19)
FNDA:0,(anonymous_20)
FNDA:0,(anonymous_21)
DA:10,0
DA:13,0
DA:17,0
DA:18,0
DA:19,0
DA:20,0
DA:21,0
DA:22,0
DA:23,0
DA:25,0
DA:31,0
DA:32,0
DA:34,0
DA:38,0
DA:105,0
DA:106,0
DA:108,0
DA:109,0
DA:111,0
DA:112,0
DA:113,0
DA:115,0
DA:119,0
DA:121,0
DA:122,0
DA:128,0
DA:129,0
DA:132,0
DA:134,0
DA:135,0
DA:138,0
DA:142,0
DA:143,0
DA:144,0
DA:146,0
DA:153,0
DA:156,0
DA:157,0
DA:160,0
DA:161,0
DA:162,0
DA:165,0
DA:167,0
DA:168,0
DA:170,0
DA:174,0
DA:175,0
DA:178,0
DA:179,0
DA:180,0
DA:185,0
DA:191,0
DA:209,0
DA:211,0
DA:212,0
DA:213,0
DA:217,0
DA:231,0
DA:234,0
DA:235,0
DA:236,0
DA:237,0
DA:241,0
DA:254,0
DA:255,0
DA:256,0
DA:257,0
DA:261,0
DA:263,0
DA:264,0
DA:268,0
DA:269,0
DA:270,0
DA:282,0
DA:285,0
DA:289,0
DA:302,0
DA:304,0
DA:305,0
DA:306,0
DA:310,0
DA:312,0
DA:313,0
DA:316,0
DA:317,0
DA:319,0
DA:325,0
DA:326,0
DA:330,0
DA:331,0
DA:333,0
DA:335,0
DA:341,0
DA:342,0
DA:343,0
DA:344,0
DA:346,0
DA:352,0
DA:353,0
DA:354,0
DA:355,0
DA:357,0
DA:363,0
DA:364,0
DA:365,0
DA:367,0
DA:375,0
DA:376,0
DA:378,0
DA:380,0
DA:386,0
DA:387,0
DA:388,0
DA:389,0
DA:391,0
DA:393,0
DA:399,0
DA:400,0
DA:401,0
DA:402,0
DA:403,0
DA:404,0
DA:406,0
DA:412,0
DA:413,0
DA:414,0
DA:431,0
DA:432,0
DA:433,0
DA:434,0
DA:437,0
DA:438,0
DA:439,0
DA:440,0
DA:441,0
DA:443,0
DA:444,0
DA:446,0
DA:447,0
DA:449,0
DA:450,0
DA:451,0
DA:452,0
DA:453,0
DA:456,0
DA:457,0
DA:458,0
DA:461,0
DA:462,0
DA:463,0
DA:465,0
DA:467,0
DA:478,0
DA:479,0
DA:481,0
DA:482,0
DA:486,0
DA:491,0
DA:492,0
DA:496,0
DA:504,0
DA:505,0
DA:508,0
DA:509,0
DA:513,0
DA:517,0
DA:518,0
DA:522,0
DA:523,0
DA:525,0
DA:530,0
DA:531,0
DA:534,0
DA:535,0
DA:536,0
DA:539,0
DA:541,0
DA:542,0
DA:546,0
DA:547,0
DA:549,0
DA:550,0
DA:559,0
DA:560,0
DA:561,0
DA:564,0
DA:577,0
DA:579,0
DA:581,0
DA:587,0
DA:589,0
DA:590,0
DA:591,0
DA:594,0
DA:595,0
DA:597,0
DA:598,0
DA:599,0
DA:600,0
DA:604,0
DA:606,0
DA:607,0
DA:610,0
DA:613,0
DA:618,0
LF:205
LH:0
BRDA:21,0,0,0
BRDA:21,0,1,0
BRDA:21,1,0,0
BRDA:21,1,1,0
BRDA:31,2,0,0
BRDA:31,2,1,0
BRDA:32,3,0,0
BRDA:32,3,1,0
BRDA:34,4,0,0
BRDA:34,4,1,0
BRDA:34,4,2,0
BRDA:34,4,3,0
BRDA:34,4,4,0
BRDA:34,4,5,0
BRDA:41,5,0,0
BRDA:41,5,1,0
BRDA:41,5,2,0
BRDA:41,5,3,0
BRDA:42,6,0,0
BRDA:42,6,1,0
BRDA:42,6,2,0
BRDA:42,6,3,0
BRDA:44,7,0,0
BRDA:44,7,1,0
BRDA:46,8,0,0
BRDA:46,8,1,0
BRDA:121,9,0,0
BRDA:121,9,1,0
BRDA:134,10,0,0
BRDA:134,10,1,0
BRDA:138,11,0,0
BRDA:138,11,1,0
BRDA:138,12,0,0
BRDA:138,12,1,0
BRDA:138,12,2,0
BRDA:138,12,3,0
BRDA:142,13,0,0
BRDA:142,13,1,0
BRDA:153,14,0,0
BRDA:153,14,1,0
BRDA:156,15,0,0
BRDA:156,15,1,0
BRDA:161,16,0,0
BRDA:161,16,1,0
BRDA:168,17,0,0
BRDA:168,17,1,0
BRDA:170,18,0,0
BRDA:170,18,1,0
BRDA:170,19,0,0
BRDA:170,19,1,0
BRDA:170,19,2,0
BRDA:170,19,3,0
BRDA:178,20,0,0
BRDA:178,20,1,0
BRDA:179,21,0,0
BRDA:179,21,1,0
BRDA:179,22,0,0
BRDA:179,22,1,0
BRDA:193,23,0,0
BRDA:193,23,1,0
BRDA:212,24,0,0
BRDA:212,24,1,0
BRDA:212,25,0,0
BRDA:212,25,1,0
BRDA:225,26,0,0
BRDA:225,26,1,0
BRDA:231,27,0,0
BRDA:231,27,1,0
BRDA:231,28,0,0
BRDA:231,28,1,0
BRDA:236,29,0,0
BRDA:236,29,1,0
BRDA:245,30,0,0
BRDA:245,30,1,0
BRDA:246,31,0,0
BRDA:246,31,1,0
BRDA:247,32,0,0
BRDA:247,32,1,0
BRDA:248,33,0,0
BRDA:248,33,1,0
BRDA:249,34,0,0
BRDA:249,34,1,0
BRDA:254,35,0,0
BRDA:254,35,1,0
BRDA:254,36,0,0
BRDA:254,36,1,0
BRDA:256,37,0,0
BRDA:256,37,1,0
BRDA:256,38,0,0
BRDA:256,38,1,0
BRDA:263,39,0,0
BRDA:263,39,1,0
BRDA:269,40,0,0
BRDA:269,40,1,0
BRDA:293,41,0,0
BRDA:293,41,1,0
BRDA:294,42,0,0
BRDA:294,42,1,0
BRDA:295,43,0,0
BRDA:295,43,1,0
BRDA:296,44,0,0
BRDA:296,44,1,0
BRDA:297,45,0,0
BRDA:297,45,1,0
BRDA:302,46,0,0
BRDA:302,46,1,0
BRDA:302,47,0,0
BRDA:302,47,1,0
BRDA:305,48,0,0
BRDA:305,48,1,0
BRDA:305,49,0,0
BRDA:305,49,1,0
BRDA:312,50,0,0
BRDA:312,50,1,0
BRDA:330,51,0,0
BRDA:330,51,1,0
BRDA:331,52,0,0
BRDA:331,52,1,0
BRDA:335,53,0,0
BRDA:335,53,1,0
BRDA:343,54,0,0
BRDA:343,54,1,0
BRDA:354,55,0,0
BRDA:354,55,1,0
BRDA:365,56,0,0
BRDA:365,56,1,0
BRDA:375,57,0,0
BRDA:375,57,1,0
BRDA:376,58,0,0
BRDA:376,58,1,0
BRDA:388,59,0,0
BRDA:388,59,1,0
BRDA:389,60,0,0
BRDA:389,60,1,0
BRDA:401,61,0,0
BRDA:401,61,1,0
BRDA:401,62,0,0
BRDA:401,62,1,0
BRDA:403,63,0,0
BRDA:403,63,1,0
BRDA:413,64,0,0
BRDA:413,64,1,0
BRDA:413,65,0,0
BRDA:413,65,1,0
BRDA:433,66,0,0
BRDA:433,66,1,0
BRDA:438,67,0,0
BRDA:438,67,1,0
BRDA:439,68,0,0
BRDA:439,68,1,0
BRDA:440,69,0,0
BRDA:440,69,1,0
BRDA:441,70,0,0
BRDA:441,70,1,0
BRDA:443,71,0,0
BRDA:443,71,1,0
BRDA:446,72,0,0
BRDA:446,72,1,0
BRDA:447,73,0,0
BRDA:447,73,1,0
BRDA:449,74,0,0
BRDA:449,74,1,0
BRDA:450,75,0,0
BRDA:450,75,1,0
BRDA:451,76,0,0
BRDA:451,76,1,0
BRDA:452,77,0,0
BRDA:452,77,1,0
BRDA:457,78,0,0
BRDA:457,78,1,0
BRDA:458,79,0,0
BRDA:458,79,1,0
BRDA:462,80,0,0
BRDA:462,80,1,0
BRDA:467,81,0,0
BRDA:467,81,1,0
BRDA:478,82,0,0
BRDA:478,82,1,0
BRDA:491,83,0,0
BRDA:491,83,1,0
BRDA:504,84,0,0
BRDA:504,84,1,0
BRDA:505,85,0,0
BRDA:505,85,1,0
BRDA:508,86,0,0
BRDA:508,86,1,0
BRDA:517,87,0,0
BRDA:517,87,1,0
BRDA:517,88,0,0
BRDA:517,88,1,0
BRDA:522,89,0,0
BRDA:522,89,1,0
BRDA:522,90,0,0
BRDA:522,90,1,0
BRDA:525,91,0,0
BRDA:525,91,1,0
BRDA:527,92,0,0
BRDA:527,92,1,0
BRDA:530,93,0,0
BRDA:530,93,1,0
BRDA:535,94,0,0
BRDA:535,94,1,0
BRDA:541,95,0,0
BRDA:541,95,1,0
BRDA:541,96,0,0
BRDA:541,96,1,0
BRDA:542,97,0,0
BRDA:542,97,1,0
BRDA:549,98,0,0
BRDA:549,98,1,0
BRDA:553,99,0,0
BRDA:553,99,1,0
BRDA:554,100,0,0
BRDA:554,100,1,0
BRDA:555,101,0,0
BRDA:555,101,1,0
BRDA:560,102,0,0
BRDA:560,102,1,0
BRDA:571,103,0,0
BRDA:571,103,1,0
BRDA:571,103,2,0
BRDA:572,104,0,0
BRDA:572,104,1,0
BRDA:579,105,0,0
BRDA:579,105,1,0
BRDA:589,106,0,0
BRDA:589,106,1,0
BRDA:594,107,0,0
BRDA:594,107,1,0
BRDA:606,108,0,0
BRDA:606,108,1,0
BRF:231
BRH:0
end_of_record
TN:
SF:services/benzingaService.ts
FN:108,(anonymous_0)
FN:118,(anonymous_1)
FN:183,(anonymous_2)
FN:212,(anonymous_3)
FN:250,(anonymous_4)
FN:326,(anonymous_5)
FN:332,(anonymous_6)
FN:335,(anonymous_7)
FN:348,(anonymous_8)
FN:371,(anonymous_9)
FN:379,(anonymous_10)
FN:391,(anonymous_11)
FN:458,(anonymous_12)
FN:527,(anonymous_13)
FN:540,(anonymous_14)
FN:554,(anonymous_15)
FN:569,(anonymous_16)
FN:600,(anonymous_17)
FN:633,(anonymous_18)
FN:677,(anonymous_19)
FN:690,(anonymous_20)
FN:705,(anonymous_21)
FN:720,(anonymous_22)
FN:732,(anonymous_23)
FN:733,(anonymous_24)
FN:734,(anonymous_25)
FNF:26
FNH:0
FNDA:0,(anonymous_0)
FNDA:0,(anonymous_1)
FNDA:0,(anonymous_2)
FNDA:0,(anonymous_3)
FNDA:0,(anonymous_4)
FNDA:0,(anonymous_5)
FNDA:0,(anonymous_6)
FNDA:0,(anonymous_7)
FNDA:0,(anonymous_8)
FNDA:0,(anonymous_9)
FNDA:0,(anonymous_10)
FNDA:0,(anonymous_11)
FNDA:0,(anonymous_12)
FNDA:0,(anonymous_13)
FNDA:0,(anonymous_14)
FNDA:0,(anonymous_15)
FNDA:0,(anonymous_16)
FNDA:0,(anonymous_17)
FNDA:0,(anonymous_18)
FNDA:0,(anonymous_19)
FNDA:0,(anonymous_20)
FNDA:0,(anonymous_21)
FNDA:0,(anonymous_22)
FNDA:0,(anonymous_23)
FNDA:0,(anonymous_24)
FNDA:0,(anonymous_25)
DA:106,0
DA:109,0
DA:110,0
DA:112,0
DA:120,0
DA:121,0
DA:122,0
DA:124,0
DA:125,0
DA:126,0
DA:127,0
DA:132,0
DA:133,0
DA:134,0
DA:135,0
DA:138,0
DA:139,0
DA:140,0
DA:141,0
DA:142,0
DA:143,0
DA:144,0
DA:145,0
DA:149,0
DA:150,0
DA:151,0
DA:152,0
DA:153,0
DA:154,0
DA:155,0
DA:156,0
DA:163,0
DA:165,0
DA:190,0
DA:191,0
DA:192,0
DA:193,0
DA:194,0
DA:197,0
DA:198,0
DA:199,0
DA:200,0
DA:202,0
DA:203,0
DA:205,0
DA:206,0
DA:208,0
DA:210,0
DA:212,0
DA:214,0
DA:216,0
DA:217,0
DA:219,0
DA:221,0
DA:222,0
DA:223,0
DA:225,0
DA:229,0
DA:232,0
DA:233,0
DA:235,0
DA:238,0
DA:243,0
DA:244,0
DA:245,0
DA:246,0
DA:248,0
DA:249,0
DA:250,0
DA:251,0
DA:252,0
DA:255,0
DA:256,0
DA:257,0
DA:259,0
DA:260,0
DA:263,0
DA:291,0
DA:294,0
DA:295,0
DA:298,0
DA:300,0
DA:303,0
DA:307,0
DA:308,0
DA:311,0
DA:312,0
DA:314,0
DA:316,0
DA:317,0
DA:321,0
DA:325,0
DA:326,0
DA:332,0
DA:335,0
DA:336,0
DA:337,0
DA:338,0
DA:341,0
DA:349,0
DA:350,0
DA:351,0
DA:352,0
DA:353,0
DA:355,0
DA:357,0
DA:358,0
DA:361,0
DA:363,0
DA:372,0
DA:373,0
DA:374,0
DA:376,0
DA:378,0
DA:379,0
DA:381,0
DA:384,0
DA:400,0
DA:401,0
DA:402,0
DA:403,0
DA:404,0
DA:406,0
DA:407,0
DA:408,0
DA:409,0
DA:410,0
DA:411,0
DA:413,0
DA:414,0
DA:416,0
DA:417,0
DA:419,0
DA:420,0
DA:422,0
DA:423,0
DA:425,0
DA:426,0
DA:429,0
DA:431,0
DA:432,0
DA:433,0
DA:435,0
DA:439,0
DA:442,0
DA:443,0
DA:445,0
DA:447,0
DA:452,0
DA:453,0
DA:454,0
DA:456,0
DA:457,0
DA:458,0
DA:459,0
DA:460,0
DA:463,0
DA:464,0
DA:465,0
DA:467,0
DA:468,0
DA:471,0
DA:492,0
DA:495,0
DA:496,0
DA:499,0
DA:501,0
DA:504,0
DA:508,0
DA:509,0
DA:512,0
DA:513,0
DA:515,0
DA:517,0
DA:518,0
DA:522,0
DA:526,0
DA:527,0
DA:531,0
DA:533,0
DA:541,0
DA:542,0
DA:544,0
DA:555,0
DA:556,0
DA:558,0
DA:571,0
DA:572,0
DA:573,0
DA:574,0
DA:575,0
DA:578,0
DA:611,0
DA:612,0
DA:613,0
DA:614,0
DA:615,0
DA:617,0
DA:618,0
DA:619,0
DA:620,0
DA:621,0
DA:622,0
DA:623,0
DA:625,0
DA:626,0
DA:628,0
DA:629,0
DA:631,0
DA:632,0
DA:633,0
DA:635,0
DA:637,0
DA:638,0
DA:640,0
DA:641,0
DA:643,0
DA:644,0
DA:647,0
DA:649,0
DA:650,0
DA:651,0
DA:653,0
DA:656,0
DA:658,0
DA:659,0
DA:662,0
DA:663,0
DA:665,0
DA:667,0
DA:668,0
DA:672,0
DA:676,0
DA:677,0
DA:681,0
DA:683,0
DA:691,0
DA:692,0
DA:694,0
DA:706,0
DA:707,0
DA:709,0
DA:721,0
DA:732,0
DA:733,0
DA:734,0
LF:246
LH:0
BRDA:110,0,0,0
BRDA:110,0,1,0
BRDA:112,1,0,0
BRDA:112,1,1,0
BRDA:121,2,0,0
BRDA:121,2,1,0
BRDA:124,3,0,0
BRDA:124,3,1,0
BRDA:124,4,0,0
BRDA:124,4,1,0
BRDA:126,5,0,0
BRDA:126,5,1,0
BRDA:126,6,0,0
BRDA:126,6,1,0
BRDA:138,7,0,0
BRDA:138,7,1,0
BRDA:138,8,0,0
BRDA:138,8,1,0
BRDA:140,9,0,0
BRDA:140,9,1,0
BRDA:141,10,0,0
BRDA:141,10,1,0
BRDA:141,11,0,0
BRDA:141,11,1,0
BRDA:143,12,0,0
BRDA:143,12,1,0
BRDA:145,13,0,0
BRDA:145,13,1,0
BRDA:149,14,0,0
BRDA:149,14,1,0
BRDA:149,15,0,0
BRDA:149,15,1,0
BRDA:151,16,0,0
BRDA:151,16,1,0
BRDA:152,17,0,0
BRDA:152,17,1,0
BRDA:152,18,0,0
BRDA:152,18,1,0
BRDA:154,19,0,0
BRDA:154,19,1,0
BRDA:156,20,0,0
BRDA:156,20,1,0
BRDA:163,21,0,0
BRDA:163,21,1,0
BRDA:167,22,0,0
BRDA:167,22,1,0
BRDA:171,23,0,0
BRDA:171,23,1,0
BRDA:176,24,0,0
BRDA:176,24,1,0
BRDA:183,25,0,0
BRDA:192,26,0,0
BRDA:192,26,1,0
BRDA:193,27,0,0
BRDA:193,27,1,0
BRDA:202,28,0,0
BRDA:202,28,1,0
BRDA:205,29,0,0
BRDA:205,29,1,0
BRDA:208,30,0,0
BRDA:208,30,1,0
BRDA:221,31,0,0
BRDA:221,31,1,0
BRDA:222,32,0,0
BRDA:222,32,1,0
BRDA:229,33,0,0
BRDA:229,33,1,0
BRDA:232,34,0,0
BRDA:232,34,1,0
BRDA:238,35,0,0
BRDA:238,35,1,0
BRDA:239,36,0,0
BRDA:239,36,1,0
BRDA:239,36,2,0
BRDA:252,37,0,0
BRDA:252,37,1,0
BRDA:255,38,0,0
BRDA:255,38,1,0
BRDA:259,39,0,0
BRDA:259,39,1,0
BRDA:259,40,0,0
BRDA:259,40,1,0
BRDA:259,40,2,0
BRDA:266,41,0,0
BRDA:266,41,1,0
BRDA:267,42,0,0
BRDA:267,42,1,0
BRDA:269,43,0,0
BRDA:269,43,1,0
BRDA:270,44,0,0
BRDA:270,44,1,0
BRDA:271,45,0,0
BRDA:271,45,1,0
BRDA:272,46,0,0
BRDA:272,46,1,0
BRDA:273,47,0,0
BRDA:273,47,1,0
BRDA:273,48,0,0
BRDA:273,48,1,0
BRDA:274,49,0,0
BRDA:274,49,1,0
BRDA:275,50,0,0
BRDA:275,50,1,0
BRDA:276,51,0,0
BRDA:276,51,1,0
BRDA:277,52,0,0
BRDA:277,52,1,0
BRDA:278,53,0,0
BRDA:278,53,1,0
BRDA:279,54,0,0
BRDA:279,54,1,0
BRDA:280,55,0,0
BRDA:280,55,1,0
BRDA:281,56,0,0
BRDA:281,56,1,0
BRDA:282,57,0,0
BRDA:282,57,1,0
BRDA:283,58,0,0
BRDA:283,58,1,0
BRDA:284,59,0,0
BRDA:284,59,1,0
BRDA:285,60,0,0
BRDA:285,60,1,0
BRDA:286,61,0,0
BRDA:286,61,1,0
BRDA:286,62,0,0
BRDA:286,62,1,0
BRDA:287,63,0,0
BRDA:287,63,1,0
BRDA:288,64,0,0
BRDA:288,64,1,0
BRDA:288,65,0,0
BRDA:288,65,1,0
BRDA:294,66,0,0
BRDA:294,66,1,0
BRDA:307,67,0,0
BRDA:307,67,1,0
BRDA:307,68,0,0
BRDA:307,68,1,0
BRDA:311,69,0,0
BRDA:311,69,1,0
BRDA:316,70,0,0
BRDA:316,70,1,0
BRDA:325,71,0,0
BRDA:325,71,1,0
BRDA:357,72,0,0
BRDA:357,72,1,0
BRDA:376,73,0,0
BRDA:376,73,1,0
BRDA:376,74,0,0
BRDA:376,74,1,0
BRDA:391,75,0,0
BRDA:402,76,0,0
BRDA:402,76,1,0
BRDA:403,77,0,0
BRDA:403,77,1,0
BRDA:413,78,0,0
BRDA:413,78,1,0
BRDA:416,79,0,0
BRDA:416,79,1,0
BRDA:419,80,0,0
BRDA:419,80,1,0
BRDA:419,81,0,0
BRDA:419,81,1,0
BRDA:422,82,0,0
BRDA:422,82,1,0
BRDA:425,83,0,0
BRDA:425,83,1,0
BRDA:431,84,0,0
BRDA:431,84,1,0
BRDA:432,85,0,0
BRDA:432,85,1,0
BRDA:439,86,0,0
BRDA:439,86,1,0
BRDA:442,87,0,0
BRDA:442,87,1,0
BRDA:447,88,0,0
BRDA:447,88,1,0
BRDA:448,89,0,0
BRDA:448,89,1,0
BRDA:448,89,2,0
BRDA:460,90,0,0
BRDA:460,90,1,0
BRDA:463,91,0,0
BRDA:463,91,1,0
BRDA:465,92,0,0
BRDA:465,92,1,0
BRDA:467,93,0,0
BRDA:467,93,1,0
BRDA:467,94,0,0
BRDA:467,94,1,0
BRDA:475,95,0,0
BRDA:475,95,1,0
BRDA:476,96,0,0
BRDA:476,96,1,0
BRDA:477,97,0,0
BRDA:477,97,1,0
BRDA:479,98,0,0
BRDA:479,98,1,0
BRDA:479,99,0,0
BRDA:479,99,1,0
BRDA:481,100,0,0
BRDA:481,100,1,0
BRDA:482,101,0,0
BRDA:482,101,1,0
BRDA:483,102,0,0
BRDA:483,102,1,0
BRDA:484,103,0,0
BRDA:484,103,1,0
BRDA:485,104,0,0
BRDA:485,104,1,0
BRDA:486,105,0,0
BRDA:486,105,1,0
BRDA:487,106,0,0
BRDA:487,106,1,0
BRDA:487,107,0,0
BRDA:487,107,1,0
BRDA:488,108,0,0
BRDA:488,108,1,0
BRDA:488,109,0,0
BRDA:488,109,1,0
BRDA:489,110,0,0
BRDA:489,110,1,0
BRDA:495,111,0,0
BRDA:495,111,1,0
BRDA:508,112,0,0
BRDA:508,112,1,0
BRDA:508,113,0,0
BRDA:508,113,1,0
BRDA:508,113,2,0
BRDA:512,114,0,0
BRDA:512,114,1,0
BRDA:517,115,0,0
BRDA:517,115,1,0
BRDA:526,116,0,0
BRDA:526,116,1,0
BRDA:540,117,0,0
BRDA:540,118,0,0
BRDA:554,119,0,0
BRDA:554,120,0,0
BRDA:572,121,0,0
BRDA:572,121,1,0
BRDA:574,122,0,0
BRDA:574,122,1,0
BRDA:581,123,0,0
BRDA:581,123,1,0
BRDA:586,124,0,0
BRDA:586,124,1,0
BRDA:587,125,0,0
BRDA:587,125,1,0
BRDA:588,126,0,0
BRDA:588,126,1,0
BRDA:589,127,0,0
BRDA:589,127,1,0
BRDA:591,128,0,0
BRDA:591,128,1,0
BRDA:600,129,0,0
BRDA:613,130,0,0
BRDA:613,130,1,0
BRDA:614,131,0,0
BRDA:614,131,1,0
BRDA:623,132,0,0
BRDA:623,132,1,0
BRDA:625,133,0,0
BRDA:625,133,1,0
BRDA:628,134,0,0
BRDA:628,134,1,0
BRDA:631,135,0,0
BRDA:631,135,1,0
BRDA:631,136,0,0
BRDA:631,136,1,0
BRDA:637,137,0,0
BRDA:637,137,1,0
BRDA:637,138,0,0
BRDA:637,138,1,0
BRDA:640,139,0,0
BRDA:640,139,1,0
BRDA:640,140,0,0
BRDA:640,140,1,0
BRDA:643,141,0,0
BRDA:643,141,1,0
BRDA:649,142,0,0
BRDA:649,142,1,0
BRDA:650,143,0,0
BRDA:650,143,1,0
BRDA:658,144,0,0
BRDA:658,144,1,0
BRDA:658,145,0,0
BRDA:658,145,1,0
BRDA:662,146,0,0
BRDA:662,146,1,0
BRDA:667,147,0,0
BRDA:667,147,1,0
BRDA:676,148,0,0
BRDA:676,148,1,0
BRDA:690,149,0,0
BRDA:690,150,0,0
BRDA:705,151,0,0
BRDA:731,152,0,0
BRDA:731,152,1,0
BRDA:731,153,0,0
BRDA:731,153,1,0
BRDA:732,154,0,0
BRDA:732,154,1,0
BRDA:733,155,0,0
BRDA:733,155,1,0
BRDA:734,156,0,0
BRDA:734,156,1,0
BRF:308
BRH:0
end_of_record
TN:
SF:services/courseService.ts
FN:37,(anonymous_0)
FN:56,(anonymous_1)
FN:80,(anonymous_2)
FN:100,(anonymous_3)
FN:106,(anonymous_4)
FN:125,(anonymous_5)
FN:130,(anonymous_6)
FN:148,(anonymous_7)
FN:168,(anonymous_8)
FN:188,(anonymous_9)
FN:206,(anonymous_10)
FN:224,(anonymous_11)
FN:352,(anonymous_12)
FN:412,(anonymous_13)
FN:422,(anonymous_14)
FN:427,(anonymous_15)
FN:447,(anonymous_16)
FN:465,(anonymous_17)
FN:545,(anonymous_18)
FN:564,(anonymous_19)
FNF:20
FNH:0
FNDA:0,(anonymous_0)
FNDA:0,(anonymous_1)
FNDA:0,(anonymous_2)
FNDA:0,(anonymous_3)
FNDA:0,(anonymous_4)
FNDA:0,(anonymous_5)
FNDA:0,(anonymous_6)
FNDA:0,(anonymous_7)
FNDA:0,(anonymous_8)
FNDA:0,(anonymous_9)
FNDA:0,(anonymous_10)
FNDA:0,(anonymous_11)
FNDA:0,(anonymous_12)
FNDA:0,(anonymous_13)
FNDA:0,(anonymous_14)
FNDA:0,(anonymous_15)
FNDA:0,(anonymous_16)
FNDA:0,(anonymous_17)
FNDA:0,(anonymous_18)
FNDA:0,(anonymous_19)
DA:38,0
DA:39,0
DA:45,0
DA:46,0
DA:49,0
DA:51,0
DA:57,0
DA:58,0
DA:65,0
DA:67,0
DA:68,0
DA:70,0
DA:73,0
DA:75,0
DA:81,0
DA:82,0
DA:89,0
DA:90,0
DA:93,0
DA:95,0
DA:101,0
DA:102,0
DA:104,0
DA:106,0
DA:108,0
DA:114,0
DA:115,0
DA:118,0
DA:120,0
DA:126,0
DA:127,0
DA:128,0
DA:130,0
DA:131,0
DA:137,0
DA:138,0
DA:141,0
DA:143,0
DA:149,0
DA:150,0
DA:157,0
DA:158,0
DA:161,0
DA:163,0
DA:169,0
DA:170,0
DA:177,0
DA:178,0
DA:181,0
DA:183,0
DA:189,0
DA:190,0
DA:195,0
DA:196,0
DA:199,0
DA:201,0
DA:207,0
DA:208,0
DA:213,0
DA:214,0
DA:217,0
DA:219,0
DA:225,0
DA:227,0
DA:243,0
DA:244,0
DA:248,0
DA:341,0
DA:342,0
DA:345,0
DA:347,0
DA:369,0
DA:412,0
DA:413,0
DA:414,0
DA:415,0
DA:417,0
DA:419,0
DA:422,0
DA:423,0
DA:424,0
DA:425,0
DA:427,0
DA:428,0
DA:430,0
DA:447,0
DA:466,0
DA:468,0
DA:471,0
DA:472,0
DA:475,0
DA:492,0
DA:493,0
DA:496,0
DA:500,0
DA:545,0
DA:546,0
DA:547,0
DA:548,0
DA:550,0
DA:551,0
DA:553,0
DA:557,0
DA:558,0
DA:560,0
DA:563,0
DA:564,0
DA:566,0
DA:567,0
DA:578,0
DA:580,0
DA:581,0
DA:593,0
DA:595,0
DA:600,0
LF:115
LH:0
BRDA:45,0,0,0
BRDA:45,0,1,0
BRDA:49,1,0,0
BRDA:49,1,1,0
BRDA:65,2,0,0
BRDA:65,2,1,0
BRDA:67,3,0,0
BRDA:67,3,1,0
BRDA:89,4,0,0
BRDA:89,4,1,0
BRDA:93,5,0,0
BRDA:93,5,1,0
BRDA:104,6,0,0
BRDA:104,6,1,0
BRDA:114,7,0,0
BRDA:114,7,1,0
BRDA:128,8,0,0
BRDA:128,8,1,0
BRDA:137,9,0,0
BRDA:137,9,1,0
BRDA:157,10,0,0
BRDA:157,10,1,0
BRDA:177,11,0,0
BRDA:177,11,1,0
BRDA:195,12,0,0
BRDA:195,12,1,0
BRDA:213,13,0,0
BRDA:213,13,1,0
BRDA:243,14,0,0
BRDA:243,14,1,0
BRDA:413,15,0,0
BRDA:413,15,1,0
BRDA:413,16,0,0
BRDA:413,16,1,0
BRDA:415,17,0,0
BRDA:415,17,1,0
BRDA:427,18,0,0
BRDA:427,18,1,0
BRDA:453,19,0,0
BRDA:453,19,1,0
BRDA:453,20,0,0
BRDA:453,20,1,0
BRDA:471,21,0,0
BRDA:471,21,1,0
BRDA:492,22,0,0
BRDA:492,22,1,0
BRDA:546,23,0,0
BRDA:546,23,1,0
BRDA:546,24,0,0
BRDA:546,24,1,0
BRDA:548,25,0,0
BRDA:548,25,1,0
BRDA:566,26,0,0
BRDA:566,26,1,0
BRDA:578,27,0,0
BRDA:578,27,1,0
BRDA:578,28,0,0
BRDA:578,28,1,0
BRDA:578,28,2,0
BRF:59
BRH:0
end_of_record
TN:
SF:services/earningsService.ts
FN:55,toDateStr
FN:58,addDaysStr
FN:63,datesBetween
FN:115,(anonymous_3)
FN:118,(anonymous_4)
FN:127,(anonymous_5)
FN:135,(anonymous_6)
FN:136,(anonymous_7)
FN:142,(anonymous_8)
FN:143,(anonymous_9)
FN:151,(anonymous_10)
FN:156,(anonymous_11)
FN:162,(anonymous_12)
FN:184,(anonymous_13)
FN:210,(anonymous_14)
FN:224,(anonymous_15)
FN:258,(anonymous_16)
FN:290,(anonymous_17)
FN:303,(anonymous_18)
FN:307,(anonymous_19)
FN:316,(anonymous_20)
FN:320,(anonymous_21)
FN:327,(anonymous_22)
FN:339,(anonymous_23)
FN:365,(anonymous_24)
FN:376,(anonymous_25)
FN:403,(anonymous_26)
FN:423,(anonymous_27)
FN:451,(anonymous_28)
FN:481,(anonymous_29)
FN:494,(anonymous_30)
FN:538,(anonymous_31)
FN:551,(anonymous_32)
FN:564,(anonymous_33)
FN:583,(anonymous_34)
FN:614,(anonymous_35)
FN:626,(anonymous_36)
FN:638,(anonymous_37)
FN:650,(anonymous_38)
FN:675,(anonymous_39)
FN:701,(anonymous_40)
FNF:41
FNH:0
FNDA:0,toDateStr
FNDA:0,addDaysStr
FNDA:0,datesBetween
FNDA:0,(anonymous_3)
FNDA:0,(anonymous_4)
FNDA:0,(anonymous_5)
FNDA:0,(anonymous_6)
FNDA:0,(anonymous_7)
FNDA:0,(anonymous_8)
FNDA:0,(anonymous_9)
FNDA:0,(anonymous_10)
FNDA:0,(anonymous_11)
FNDA:0,(anonymous_12)
FNDA:0,(anonymous_13)
FNDA:0,(anonymous_14)
FNDA:0,(anonymous_15)
FNDA:0,(anonymous_16)
FNDA:0,(anonymous_17)
FNDA:0,(anonymous_18)
FNDA:0,(anonymous_19)
FNDA:0,(anonymous_20)
FNDA:0,(anonymous_21)
FNDA:0,(anonymous_22)
FNDA:0,(anonymous_23)
FNDA:0,(anonymous_24)
FNDA:0,(anonymous_25)
FNDA:0,(anonymous_26)
FNDA:0,(anonymous_27)
FNDA:0,(anonymous_28)
FNDA:0,(anonymous_29)
FNDA:0,(anonymous_30)
FNDA:0,(anonymous_31)
FNDA:0,(anonymous_32)
FNDA:0,(anonymous_33)
FNDA:0,(anonymous_34)
FNDA:0,(anonymous_35)
FNDA:0,(anonymous_36)
FNDA:0,(anonymous_37)
FNDA:0,(anonymous_38)
FNDA:0,(anonymous_39)
FNDA:0,(anonymous_40)
DA:10,0
DA:48,0
DA:50,0
DA:52,0
DA:53,0
DA:56,0
DA:59,0
DA:60,0
DA:61,0
DA:64,0
DA:65,0
DA:66,0
DA:67,0
DA:116,0
DA:118,0
DA:119,0
DA:120,0
DA:122,0
DA:123,0
DA:127,0
DA:128,0
DA:136,0
DA:143,0
DA:144,0
DA:152,0
DA:153,0
DA:154,0
DA:156,0
DA:163,0
DA:166,0
DA:167,0
DA:168,0
DA:169,0
DA:172,0
DA:173,0
DA:175,0
DA:176,0
DA:178,0
DA:185,0
DA:188,0
DA:189,0
DA:190,0
DA:191,0
DA:194,0
DA:195,0
DA:198,0
DA:199,0
DA:201,0
DA:202,0
DA:204,0
DA:211,0
DA:212,0
DA:213,0
DA:229,0
DA:230,0
DA:231,0
DA:234,0
DA:235,0
DA:236,0
DA:237,0
DA:238,0
DA:239,0
DA:243,0
DA:244,0
DA:248,0
DA:249,0
DA:250,0
DA:252,0
DA:253,0
DA:254,0
DA:255,0
DA:258,0
DA:259,0
DA:260,0
DA:262,0
DA:263,0
DA:264,0
DA:265,0
DA:266,0
DA:268,0
DA:269,0
DA:271,0
DA:272,0
DA:274,0
DA:277,0
DA:278,0
DA:279,0
DA:281,0
DA:284,0
DA:291,0
DA:292,0
DA:293,0
DA:294,0
DA:296,0
DA:304,0
DA:305,0
DA:306,0
DA:307,0
DA:308,0
DA:309,0
DA:310,0
DA:317,0
DA:318,0
DA:319,0
DA:320,0
DA:321,0
DA:322,0
DA:323,0
DA:325,0
DA:326,0
DA:327,0
DA:328,0
DA:329,0
DA:330,0
DA:333,0
DA:340,0
DA:341,0
DA:342,0
DA:343,0
DA:345,0
DA:346,0
DA:347,0
DA:348,0
DA:349,0
DA:351,0
DA:352,0
DA:353,0
DA:362,0
DA:363,0
DA:364,0
DA:365,0
DA:366,0
DA:368,0
DA:370,0
DA:371,0
DA:372,0
DA:374,0
DA:375,0
DA:376,0
DA:378,0
DA:383,0
DA:384,0
DA:385,0
DA:387,0
DA:388,0
DA:389,0
DA:390,0
DA:391,0
DA:392,0
DA:393,0
DA:396,0
DA:404,0
DA:405,0
DA:406,0
DA:412,0
DA:413,0
DA:415,0
DA:416,0
DA:425,0
DA:426,0
DA:427,0
DA:428,0
DA:429,0
DA:430,0
DA:431,0
DA:433,0
DA:434,0
DA:435,0
DA:438,0
DA:439,0
DA:440,0
DA:441,0
DA:445,0
DA:446,0
DA:447,0
DA:448,0
DA:451,0
DA:452,0
DA:453,0
DA:454,0
DA:455,0
DA:456,0
DA:457,0
DA:459,0
DA:460,0
DA:461,0
DA:462,0
DA:464,0
DA:465,0
DA:467,0
DA:468,0
DA:469,0
DA:478,0
DA:479,0
DA:480,0
DA:481,0
DA:482,0
DA:484,0
DA:486,0
DA:487,0
DA:488,0
DA:490,0
DA:493,0
DA:494,0
DA:496,0
DA:501,0
DA:502,0
DA:503,0
DA:506,0
DA:507,0
DA:508,0
DA:509,0
DA:510,0
DA:511,0
DA:512,0
DA:516,0
DA:517,0
DA:520,0
DA:521,0
DA:523,0
DA:524,0
DA:525,0
DA:527,0
DA:531,0
DA:532,0
DA:539,0
DA:540,0
DA:541,0
DA:543,0
DA:544,0
DA:552,0
DA:553,0
DA:554,0
DA:556,0
DA:557,0
DA:565,0
DA:566,0
DA:572,0
DA:573,0
DA:575,0
DA:576,0
DA:584,0
DA:585,0
DA:586,0
DA:587,0
DA:588,0
DA:589,0
DA:590,0
DA:599,0
DA:600,0
DA:601,0
DA:602,0
DA:604,0
DA:606,0
DA:607,0
DA:615,0
DA:616,0
DA:617,0
DA:619,0
DA:627,0
DA:628,0
DA:629,0
DA:631,0
DA:639,0
DA:640,0
DA:641,0
DA:643,0
DA:654,0
DA:655,0
DA:656,0
DA:658,0
DA:665,0
DA:666,0
DA:668,0
DA:679,0
DA:680,0
DA:681,0
DA:683,0
DA:691,0
DA:692,0
DA:694,0
DA:702,0
DA:703,0
DA:704,0
DA:707,0
DA:716,0
DA:717,0
DA:720,0
DA:721,0
DA:722,0
DA:728,0
DA:736,0
DA:739,0
DA:741,0
DA:747,0
DA:749,0
LF:296
LH:0
BRDA:122,0,0,0
BRDA:122,0,1,0
BRDA:122,1,0,0
BRDA:122,1,1,0
BRDA:144,2,0,0
BRDA:144,2,1,0
BRDA:168,3,0,0
BRDA:168,3,1,0
BRDA:190,4,0,0
BRDA:190,4,1,0
BRDA:226,5,0,0
BRDA:227,6,0,0
BRDA:229,7,0,0
BRDA:229,7,1,0
BRDA:238,8,0,0
BRDA:238,8,1,0
BRDA:238,9,0,0
BRDA:238,9,1,0
BRDA:243,10,0,0
BRDA:243,10,1,0
BRDA:253,11,0,0
BRDA:253,11,1,0
BRDA:265,12,0,0
BRDA:265,12,1,0
BRDA:269,13,0,0
BRDA:269,13,1,0
BRDA:271,14,0,0
BRDA:271,14,1,0
BRDA:294,15,0,0
BRDA:294,15,1,0
BRDA:306,16,0,0
BRDA:306,16,1,0
BRDA:308,17,0,0
BRDA:308,17,1,0
BRDA:317,18,0,0
BRDA:317,18,1,0
BRDA:319,19,0,0
BRDA:319,19,1,0
BRDA:321,20,0,0
BRDA:321,20,1,0
BRDA:328,21,0,0
BRDA:328,21,1,0
BRDA:362,22,0,0
BRDA:362,22,1,0
BRDA:364,23,0,0
BRDA:364,23,1,0
BRDA:370,24,0,0
BRDA:370,24,1,0
BRDA:374,25,0,0
BRDA:374,25,1,0
BRDA:375,26,0,0
BRDA:375,26,1,0
BRDA:375,27,0,0
BRDA:375,27,1,0
BRDA:383,28,0,0
BRDA:383,28,1,0
BRDA:387,29,0,0
BRDA:387,29,1,0
BRDA:387,30,0,0
BRDA:387,30,1,0
BRDA:389,31,0,0
BRDA:389,31,1,0
BRDA:391,32,0,0
BRDA:391,32,1,0
BRDA:403,33,0,0
BRDA:404,34,0,0
BRDA:404,34,1,0
BRDA:412,35,0,0
BRDA:412,35,1,0
BRDA:413,36,0,0
BRDA:413,36,1,0
BRDA:415,37,0,0
BRDA:415,37,1,0
BRDA:423,38,0,0
BRDA:425,39,0,0
BRDA:425,39,1,0
BRDA:439,40,0,0
BRDA:439,40,1,0
BRDA:439,41,0,0
BRDA:439,41,1,0
BRDA:440,42,0,0
BRDA:440,42,1,0
BRDA:446,43,0,0
BRDA:446,43,1,0
BRDA:447,44,0,0
BRDA:447,44,1,0
BRDA:453,45,0,0
BRDA:453,45,1,0
BRDA:453,46,0,0
BRDA:453,46,1,0
BRDA:478,47,0,0
BRDA:478,47,1,0
BRDA:480,48,0,0
BRDA:480,48,1,0
BRDA:486,49,0,0
BRDA:486,49,1,0
BRDA:490,50,0,0
BRDA:490,50,1,0
BRDA:490,50,2,0
BRDA:493,51,0,0
BRDA:493,51,1,0
BRDA:493,52,0,0
BRDA:493,52,1,0
BRDA:501,53,0,0
BRDA:501,53,1,0
BRDA:506,54,0,0
BRDA:506,54,1,0
BRDA:506,55,0,0
BRDA:506,55,1,0
BRDA:508,56,0,0
BRDA:508,56,1,0
BRDA:510,57,0,0
BRDA:510,57,1,0
BRDA:516,58,0,0
BRDA:516,58,1,0
BRDA:523,59,0,0
BRDA:523,59,1,0
BRDA:525,60,0,0
BRDA:525,60,1,0
BRDA:525,61,0,0
BRDA:525,61,1,0
BRDA:538,62,0,0
BRDA:543,63,0,0
BRDA:543,63,1,0
BRDA:556,64,0,0
BRDA:556,64,1,0
BRDA:572,65,0,0
BRDA:572,65,1,0
BRDA:573,66,0,0
BRDA:573,66,1,0
BRDA:575,67,0,0
BRDA:575,67,1,0
BRDA:599,68,0,0
BRDA:599,68,1,0
BRDA:600,69,0,0
BRDA:600,69,1,0
BRDA:602,70,0,0
BRDA:602,70,1,0
BRDA:606,71,0,0
BRDA:606,71,1,0
BRDA:652,72,0,0
BRDA:665,73,0,0
BRDA:665,73,1,0
BRDA:666,74,0,0
BRDA:666,74,1,0
BRDA:677,75,0,0
BRDA:691,76,0,0
BRDA:691,76,1,0
BRDA:692,77,0,0
BRDA:692,77,1,0
BRDA:716,78,0,0
BRDA:716,78,1,0
BRDA:724,79,0,0
BRDA:724,79,1,0
BRDA:724,79,2,0
BRDA:743,80,0,0
BRDA:743,80,1,0
BRDA:747,81,0,0
BRDA:747,81,1,0
BRDA:751,82,0,0
BRDA:751,82,1,0
BRF:161
BRH:0
end_of_record
TN:
SF:services/economicCalendarService.ts
FN:51,(anonymous_0)
FN:166,(anonymous_1)
FN:241,(anonymous_2)
FN:278,(anonymous_3)
FN:369,(anonymous_4)
FN:387,(anonymous_5)
FN:408,(anonymous_6)
FN:426,(anonymous_7)
FN:456,(anonymous_8)
FN:490,(anonymous_9)
FN:503,(anonymous_10)
FN:526,(anonymous_11)
FN:600,(anonymous_12)
FN:672,(anonymous_13)
FN:744,(anonymous_14)
FN:774,(anonymous_15)
FN:815,(anonymous_16)
FN:925,(anonymous_17)
FN:934,(anonymous_18)
FN:950,(anonymous_19)
FN:963,(anonymous_20)
FN:983,(anonymous_21)
FN:1012,(anonymous_22)
FN:1032,(anonymous_23)
FN:1058,(anonymous_24)
FN:1072,(anonymous_25)
FN:1093,(anonymous_26)
FN:1105,(anonymous_27)
FN:1106,(anonymous_28)
FN:1112,(anonymous_29)
FN:1123,(anonymous_30)
FNF:31
FNH:0
FNDA:0,(anonymous_0)
FNDA:0,(anonymous_1)
FNDA:0,(anonymous_2)
FNDA:0,(anonymous_3)
FNDA:0,(anonymous_4)
FNDA:0,(anonymous_5)
FNDA:0,(anonymous_6)
FNDA:0,(anonymous_7)
FNDA:0,(anonymous_8)
FNDA:0,(anonymous_9)
FNDA:0,(anonymous_10)
FNDA:0,(anonymous_11)
FNDA:0,(anonymous_12)
FNDA:0,(anonymous_13)
FNDA:0,(anonymous_14)
FNDA:0,(anonymous_15)
FNDA:0,(anonymous_16)
FNDA:0,(anonymous_17)
FNDA:0,(anonymous_18)
FNDA:0,(anonymous_19)
FNDA:0,(anonymous_20)
FNDA:0,(anonymous_21)
FNDA:0,(anonymous_22)
FNDA:0,(anonymous_23)
FNDA:0,(anonymous_24)
FNDA:0,(anonymous_25)
FNDA:0,(anonymous_26)
FNDA:0,(anonymous_27)
FNDA:0,(anonymous_28)
FNDA:0,(anonymous_29)
FNDA:0,(anonymous_30)
DA:4,0
DA:5,0
DA:8,0
DA:9,0
DA:12,0
DA:13,0
DA:52,0
DA:55,0
DA:150,0
DA:153,0
DA:154,0
DA:155,0
DA:157,0
DA:158,0
DA:160,0
DA:161,0
DA:166,0
DA:167,0
DA:169,0
DA:171,0
DA:173,0
DA:174,0
DA:175,0
DA:177,0
DA:180,0
DA:183,0
DA:185,0
DA:187,0
DA:188,0
DA:189,0
DA:192,0
DA:195,0
DA:196,0
DA:197,0
DA:199,0
DA:200,0
DA:204,0
DA:209,0
DA:230,0
DA:233,0
DA:238,0
DA:241,0
DA:242,0
DA:247,0
DA:248,0
DA:249,0
DA:254,0
DA:255,0
DA:256,0
DA:261,0
DA:262,0
DA:263,0
DA:264,0
DA:270,0
DA:273,0
DA:279,0
DA:281,0
DA:284,0
DA:295,0
DA:296,0
DA:297,0
DA:299,0
DA:300,0
DA:303,0
DA:305,0
DA:308,0
DA:310,0
DA:311,0
DA:312,0
DA:315,0
DA:318,0
DA:320,0
DA:333,0
DA:335,0
DA:336,0
DA:338,0
DA:361,0
DA:364,0
DA:370,0
DA:383,0
DA:388,0
DA:396,0
DA:402,0
DA:403,0
DA:404,0
DA:409,0
DA:422,0
DA:427,0
DA:429,0
DA:432,0
DA:433,0
DA:434,0
DA:436,0
DA:437,0
DA:440,0
DA:443,0
DA:445,0
DA:446,0
DA:447,0
DA:449,0
DA:452,0
DA:455,0
DA:456,0
DA:458,0
DA:459,0
DA:460,0
DA:482,0
DA:485,0
DA:491,0
DA:493,0
DA:495,0
DA:496,0
DA:497,0
DA:499,0
DA:504,0
DA:506,0
DA:507,0
DA:509,0
DA:510,0
DA:511,0
DA:512,0
DA:513,0
DA:514,0
DA:515,0
DA:516,0
DA:517,0
DA:518,0
DA:520,0
DA:527,0
DA:528,0
DA:531,0
DA:532,0
DA:533,0
DA:536,0
DA:539,0
DA:540,0
DA:543,0
DA:546,0
DA:547,0
DA:566,0
DA:567,0
DA:570,0
DA:571,0
DA:574,0
DA:576,0
DA:577,0
DA:596,0
DA:601,0
DA:602,0
DA:605,0
DA:606,0
DA:607,0
DA:608,0
DA:611,0
DA:612,0
DA:615,0
DA:616,0
DA:617,0
DA:637,0
DA:638,0
DA:639,0
DA:640,0
DA:643,0
DA:644,0
DA:647,0
DA:648,0
DA:649,0
DA:668,0
DA:673,0
DA:674,0
DA:675,0
DA:678,0
DA:718,0
DA:721,0
DA:722,0
DA:724,0
DA:725,0
DA:726,0
DA:730,0
DA:733,0
DA:734,0
DA:736,0
DA:739,0
DA:745,0
DA:748,0
DA:749,0
DA:750,0
DA:752,0
DA:753,0
DA:756,0
DA:759,0
DA:761,0
DA:762,0
DA:763,0
DA:766,0
DA:769,0
DA:770,0
DA:773,0
DA:774,0
DA:776,0
DA:777,0
DA:778,0
DA:802,0
DA:803,0
DA:806,0
DA:810,0
DA:817,0
DA:818,0
DA:821,0
DA:822,0
DA:823,0
DA:824,0
DA:827,0
DA:830,0
DA:832,0
DA:833,0
DA:854,0
DA:855,0
DA:876,0
DA:877,0
DA:898,0
DA:899,0
DA:921,0
DA:926,0
DA:927,0
DA:928,0
DA:929,0
DA:930,0
DA:935,0
DA:936,0
DA:938,0
DA:939,0
DA:940,0
DA:941,0
DA:942,0
DA:943,0
DA:944,0
DA:946,0
DA:951,0
DA:953,0
DA:955,0
DA:956,0
DA:957,0
DA:959,0
DA:964,0
DA:966,0
DA:968,0
DA:969,0
DA:970,0
DA:971,0
DA:972,0
DA:973,0
DA:974,0
DA:975,0
DA:976,0
DA:977,0
DA:979,0
DA:984,0
DA:986,0
DA:989,0
DA:990,0
DA:991,0
DA:992,0
DA:993,0
DA:994,0
DA:995,0
DA:996,0
DA:997,0
DA:998,0
DA:1001,0
DA:1002,0
DA:1003,0
DA:1004,0
DA:1005,0
DA:1006,0
DA:1008,0
DA:1013,0
DA:1015,0
DA:1017,0
DA:1018,0
DA:1019,0
DA:1020,0
DA:1021,0
DA:1022,0
DA:1023,0
DA:1024,0
DA:1025,0
DA:1026,0
DA:1028,0
DA:1033,0
DA:1036,0
DA:1042,0
DA:1045,0
DA:1046,0
DA:1051,0
DA:1052,0
DA:1058,0
DA:1059,0
DA:1060,0
DA:1061,0
DA:1064,0
DA:1067,0
DA:1073,0
DA:1074,0
DA:1083,0
DA:1084,0
DA:1087,0
DA:1089,0
DA:1094,0
DA:1095,0
DA:1096,0
DA:1101,0
DA:1102,0
DA:1105,0
DA:1106,0
DA:1108,0
DA:1113,0
DA:1114,0
DA:1119,0
DA:1120,0
DA:1123,0
DA:1125,0
LF:322
LH:0
BRDA:4,0,0,0
BRDA:4,0,1,0
BRDA:8,1,0,0
BRDA:8,1,1,0
BRDA:12,2,0,0
BRDA:12,2,1,0
BRDA:173,3,0,0
BRDA:173,3,1,0
BRDA:174,4,0,0
BRDA:174,4,1,0
BRDA:185,5,0,0
BRDA:185,5,1,0
BRDA:185,6,0,0
BRDA:185,6,1,0
BRDA:185,6,2,0
BRDA:189,7,0,0
BRDA:189,7,1,0
BRDA:192,8,0,0
BRDA:192,8,1,0
BRDA:192,9,0,0
BRDA:192,9,1,0
BRDA:199,10,0,0
BRDA:199,10,1,0
BRDA:204,11,0,0
BRDA:204,11,1,0
BRDA:204,12,0,0
BRDA:204,12,1,0
BRDA:204,12,2,0
BRDA:219,13,0,0
BRDA:219,13,1,0
BRDA:219,14,0,0
BRDA:219,14,1,0
BRDA:220,15,0,0
BRDA:220,15,1,0
BRDA:261,16,0,0
BRDA:261,16,1,0
BRDA:261,17,0,0
BRDA:261,17,1,0
BRDA:310,18,0,0
BRDA:310,18,1,0
BRDA:318,19,0,0
BRDA:318,19,1,0
BRDA:318,20,0,0
BRDA:318,20,1,0
BRDA:318,20,2,0
BRDA:335,21,0,0
BRDA:335,21,1,0
BRDA:383,22,0,0
BRDA:383,22,1,0
BRDA:402,23,0,0
BRDA:402,23,1,0
BRDA:403,24,0,0
BRDA:403,24,1,0
BRDA:422,25,0,0
BRDA:422,25,1,0
BRDA:445,26,0,0
BRDA:445,26,1,0
BRDA:446,27,0,0
BRDA:446,27,1,0
BRDA:455,28,0,0
BRDA:455,28,1,0
BRDA:455,29,0,0
BRDA:455,29,1,0
BRDA:459,30,0,0
BRDA:459,30,1,0
BRDA:463,31,0,0
BRDA:463,31,1,0
BRDA:464,32,0,0
BRDA:464,32,1,0
BRDA:467,33,0,0
BRDA:467,33,1,0
BRDA:468,34,0,0
BRDA:468,34,1,0
BRDA:469,35,0,0
BRDA:469,35,1,0
BRDA:470,36,0,0
BRDA:470,36,1,0
BRDA:471,37,0,0
BRDA:471,37,1,0
BRDA:491,38,0,0
BRDA:491,38,1,0
BRDA:495,39,0,0
BRDA:495,39,1,0
BRDA:495,40,0,0
BRDA:495,40,1,0
BRDA:495,40,2,0
BRDA:496,41,0,0
BRDA:496,41,1,0
BRDA:496,42,0,0
BRDA:496,42,1,0
BRDA:496,42,2,0
BRDA:496,42,3,0
BRDA:497,43,0,0
BRDA:497,43,1,0
BRDA:497,44,0,0
BRDA:497,44,1,0
BRDA:497,44,2,0
BRDA:504,45,0,0
BRDA:504,45,1,0
BRDA:507,46,0,0
BRDA:507,46,1,0
BRDA:509,47,0,0
BRDA:509,47,1,0
BRDA:509,48,0,0
BRDA:509,48,1,0
BRDA:509,48,2,0
BRDA:509,48,3,0
BRDA:509,48,4,0
BRDA:509,48,5,0
BRDA:510,49,0,0
BRDA:510,49,1,0
BRDA:510,50,0,0
BRDA:510,50,1,0
BRDA:510,50,2,0
BRDA:510,50,3,0
BRDA:510,50,4,0
BRDA:510,50,5,0
BRDA:510,50,6,0
BRDA:510,50,7,0
BRDA:510,50,8,0
BRDA:511,51,0,0
BRDA:511,51,1,0
BRDA:511,52,0,0
BRDA:511,52,1,0
BRDA:511,52,2,0
BRDA:511,52,3,0
BRDA:512,53,0,0
BRDA:512,53,1,0
BRDA:512,54,0,0
BRDA:512,54,1,0
BRDA:512,54,2,0
BRDA:512,54,3,0
BRDA:512,54,4,0
BRDA:513,55,0,0
BRDA:513,55,1,0
BRDA:513,56,0,0
BRDA:513,56,1,0
BRDA:513,56,2,0
BRDA:513,56,3,0
BRDA:513,56,4,0
BRDA:513,56,5,0
BRDA:513,56,6,0
BRDA:514,57,0,0
BRDA:514,57,1,0
BRDA:514,58,0,0
BRDA:514,58,1,0
BRDA:514,58,2,0
BRDA:514,58,3,0
BRDA:514,58,4,0
BRDA:514,58,5,0
BRDA:515,59,0,0
BRDA:515,59,1,0
BRDA:515,60,0,0
BRDA:515,60,1,0
BRDA:515,60,2,0
BRDA:515,60,3,0
BRDA:515,60,4,0
BRDA:515,60,5,0
BRDA:516,61,0,0
BRDA:516,61,1,0
BRDA:516,62,0,0
BRDA:516,62,1,0
BRDA:516,62,2,0
BRDA:516,62,3,0
BRDA:516,62,4,0
BRDA:517,63,0,0
BRDA:517,63,1,0
BRDA:517,64,0,0
BRDA:517,64,1,0
BRDA:517,64,2,0
BRDA:518,65,0,0
BRDA:518,65,1,0
BRDA:518,66,0,0
BRDA:518,66,1,0
BRDA:539,67,0,0
BRDA:539,67,1,0
BRDA:546,68,0,0
BRDA:546,68,1,0
BRDA:570,69,0,0
BRDA:570,69,1,0
BRDA:576,70,0,0
BRDA:576,70,1,0
BRDA:611,71,0,0
BRDA:611,71,1,0
BRDA:615,72,0,0
BRDA:615,72,1,0
BRDA:647,73,0,0
BRDA:647,73,1,0
BRDA:718,74,0,0
BRDA:718,74,1,0
BRDA:724,75,0,0
BRDA:724,75,1,0
BRDA:734,76,0,0
BRDA:734,76,1,0
BRDA:761,77,0,0
BRDA:761,77,1,0
BRDA:762,78,0,0
BRDA:762,78,1,0
BRDA:773,79,0,0
BRDA:773,79,1,0
BRDA:773,80,0,0
BRDA:773,80,1,0
BRDA:777,81,0,0
BRDA:777,81,1,0
BRDA:780,82,0,0
BRDA:780,82,1,0
BRDA:781,83,0,0
BRDA:781,83,1,0
BRDA:782,84,0,0
BRDA:782,84,1,0
BRDA:786,85,0,0
BRDA:786,85,1,0
BRDA:787,86,0,0
BRDA:787,86,1,0
BRDA:788,87,0,0
BRDA:788,87,1,0
BRDA:802,88,0,0
BRDA:802,88,1,0
BRDA:830,89,0,0
BRDA:830,89,1,0
BRDA:830,90,0,0
BRDA:830,90,1,0
BRDA:832,91,0,0
BRDA:832,91,1,0
BRDA:854,92,0,0
BRDA:854,92,1,0
BRDA:854,93,0,0
BRDA:854,93,1,0
BRDA:876,94,0,0
BRDA:876,94,1,0
BRDA:876,95,0,0
BRDA:876,95,1,0
BRDA:898,96,0,0
BRDA:898,96,1,0
BRDA:898,97,0,0
BRDA:898,97,1,0
BRDA:926,98,0,0
BRDA:926,98,1,0
BRDA:928,99,0,0
BRDA:928,99,1,0
BRDA:928,100,0,0
BRDA:928,100,1,0
BRDA:929,101,0,0
BRDA:929,101,1,0
BRDA:929,102,0,0
BRDA:929,102,1,0
BRDA:935,103,0,0
BRDA:935,103,1,0
BRDA:938,104,0,0
BRDA:938,104,1,0
BRDA:938,105,0,0
BRDA:938,105,1,0
BRDA:938,105,2,0
BRDA:939,106,0,0
BRDA:939,106,1,0
BRDA:939,107,0,0
BRDA:939,107,1,0
BRDA:939,107,2,0
BRDA:939,107,3,0
BRDA:940,108,0,0
BRDA:940,108,1,0
BRDA:940,109,0,0
BRDA:940,109,1,0
BRDA:941,110,0,0
BRDA:941,110,1,0
BRDA:941,111,0,0
BRDA:941,111,1,0
BRDA:941,111,2,0
BRDA:942,112,0,0
BRDA:942,112,1,0
BRDA:942,113,0,0
BRDA:942,113,1,0
BRDA:943,114,0,0
BRDA:943,114,1,0
BRDA:943,115,0,0
BRDA:943,115,1,0
BRDA:943,115,2,0
BRDA:944,116,0,0
BRDA:944,116,1,0
BRDA:944,117,0,0
BRDA:944,117,1,0
BRDA:944,117,2,0
BRDA:951,118,0,0
BRDA:951,118,1,0
BRDA:955,119,0,0
BRDA:955,119,1,0
BRDA:955,120,0,0
BRDA:955,120,1,0
BRDA:955,120,2,0
BRDA:956,121,0,0
BRDA:956,121,1,0
BRDA:956,122,0,0
BRDA:956,122,1,0
BRDA:956,122,2,0
BRDA:956,122,3,0
BRDA:957,123,0,0
BRDA:957,123,1,0
BRDA:957,124,0,0
BRDA:957,124,1,0
BRDA:957,124,2,0
BRDA:964,125,0,0
BRDA:964,125,1,0
BRDA:968,126,0,0
BRDA:968,126,1,0
BRDA:968,127,0,0
BRDA:968,127,1,0
BRDA:968,127,2,0
BRDA:968,127,3,0
BRDA:968,127,4,0
BRDA:969,128,0,0
BRDA:969,128,1,0
BRDA:969,129,0,0
BRDA:969,129,1,0
BRDA:969,129,2,0
BRDA:969,129,3,0
BRDA:969,129,4,0
BRDA:970,130,0,0
BRDA:970,130,1,0
BRDA:970,131,0,0
BRDA:970,131,1,0
BRDA:970,131,2,0
BRDA:971,132,0,0
BRDA:971,132,1,0
BRDA:971,133,0,0
BRDA:971,133,1,0
BRDA:971,133,2,0
BRDA:971,133,3,0
BRDA:972,134,0,0
BRDA:972,134,1,0
BRDA:972,135,0,0
BRDA:972,135,1,0
BRDA:972,135,2,0
BRDA:972,135,3,0
BRDA:973,136,0,0
BRDA:973,136,1,0
BRDA:973,137,0,0
BRDA:973,137,1,0
BRDA:973,137,2,0
BRDA:973,137,3,0
BRDA:973,137,4,0
BRDA:974,138,0,0
BRDA:974,138,1,0
BRDA:974,139,0,0
BRDA:974,139,1,0
BRDA:974,139,2,0
BRDA:974,139,3,0
BRDA:974,139,4,0
BRDA:975,140,0,0
BRDA:975,140,1,0
BRDA:975,141,0,0
BRDA:975,141,1,0
BRDA:975,141,2,0
BRDA:975,141,3,0
BRDA:976,142,0,0
BRDA:976,142,1,0
BRDA:976,143,0,0
BRDA:976,143,1,0
BRDA:976,143,2,0
BRDA:977,144,0,0
BRDA:977,144,1,0
BRDA:977,145,0,0
BRDA:977,145,1,0
BRDA:984,146,0,0
BRDA:984,146,1,0
BRDA:989,147,0,0
BRDA:989,147,1,0
BRDA:989,148,0,0
BRDA:989,148,1,0
BRDA:990,149,0,0
BRDA:990,149,1,0
BRDA:990,150,0,0
BRDA:990,150,1,0
BRDA:990,150,2,0
BRDA:991,151,0,0
BRDA:991,151,1,0
BRDA:991,152,0,0
BRDA:991,152,1,0
BRDA:992,153,0,0
BRDA:992,153,1,0
BRDA:992,154,0,0
BRDA:992,154,1,0
BRDA:992,154,2,0
BRDA:993,155,0,0
BRDA:993,155,1,0
BRDA:993,156,0,0
BRDA:993,156,1,0
BRDA:994,157,0,0
BRDA:994,157,1,0
BRDA:995,158,0,0
BRDA:995,158,1,0
BRDA:995,159,0,0
BRDA:995,159,1,0
BRDA:996,160,0,0
BRDA:996,160,1,0
BRDA:996,161,0,0
BRDA:996,161,1,0
BRDA:997,162,0,0
BRDA:997,162,1,0
BRDA:998,163,0,0
BRDA:998,163,1,0
BRDA:998,164,0,0
BRDA:998,164,1,0
BRDA:1001,165,0,0
BRDA:1001,165,1,0
BRDA:1002,166,0,0
BRDA:1002,166,1,0
BRDA:1002,167,0,0
BRDA:1002,167,1,0
BRDA:1002,167,2,0
BRDA:1003,168,0,0
BRDA:1003,168,1,0
BRDA:1003,169,0,0
BRDA:1003,169,1,0
BRDA:1004,170,0,0
BRDA:1004,170,1,0
BRDA:1004,171,0,0
BRDA:1004,171,1,0
BRDA:1005,172,0,0
BRDA:1005,172,1,0
BRDA:1005,173,0,0
BRDA:1005,173,1,0
BRDA:1005,173,2,0
BRDA:1006,174,0,0
BRDA:1006,174,1,0
BRDA:1006,175,0,0
BRDA:1006,175,1,0
BRDA:1013,176,0,0
BRDA:1013,176,1,0
BRDA:1017,177,0,0
BRDA:1017,177,1,0
BRDA:1017,178,0,0
BRDA:1017,178,1,0
BRDA:1017,178,2,0
BRDA:1017,178,3,0
BRDA:1017,178,4,0
BRDA:1018,179,0,0
BRDA:1018,179,1,0
BRDA:1018,180,0,0
BRDA:1018,180,1,0
BRDA:1018,180,2,0
BRDA:1018,180,3,0
BRDA:1018,180,4,0
BRDA:1018,180,5,0
BRDA:1018,180,6,0
BRDA:1018,180,7,0
BRDA:1019,181,0,0
BRDA:1019,181,1,0
BRDA:1019,182,0,0
BRDA:1019,182,1,0
BRDA:1019,182,2,0
BRDA:1020,183,0,0
BRDA:1020,183,1,0
BRDA:1020,184,0,0
BRDA:1020,184,1,0
BRDA:1020,184,2,0
BRDA:1020,184,3,0
BRDA:1021,185,0,0
BRDA:1021,185,1,0
BRDA:1021,186,0,0
BRDA:1021,186,1,0
BRDA:1021,186,2,0
BRDA:1021,186,3,0
BRDA:1021,186,4,0
BRDA:1021,186,5,0
BRDA:1022,187,0,0
BRDA:1022,187,1,0
BRDA:1022,188,0,0
BRDA:1022,188,1,0
BRDA:1022,188,2,0
BRDA:1022,188,3,0
BRDA:1022,188,4,0
BRDA:1023,189,0,0
BRDA:1023,189,1,0
BRDA:1023,190,0,0
BRDA:1023,190,1,0
BRDA:1023,190,2,0
BRDA:1023,190,3,0
BRDA:1023,190,4,0
BRDA:1024,191,0,0
BRDA:1024,191,1,0
BRDA:1024,192,0,0
BRDA:1024,192,1,0
BRDA:1024,192,2,0
BRDA:1024,192,3,0
BRDA:1025,193,0,0
BRDA:1025,193,1,0
BRDA:1025,194,0,0
BRDA:1025,194,1,0
BRDA:1025,194,2,0
BRDA:1026,195,0,0
BRDA:1026,195,1,0
BRDA:1026,196,0,0
BRDA:1026,196,1,0
BRDA:1045,197,0,0
BRDA:1045,197,1,0
BRDA:1051,198,0,0
BRDA:1051,198,1,0
BRDA:1083,199,0,0
BRDA:1083,199,1,0
BRDA:1101,200,0,0
BRDA:1101,200,1,0
BRDA:1105,201,0,0
BRDA:1105,201,1,0
BRDA:1119,202,0,0
BRDA:1119,202,1,0
BRDA:1123,203,0,0
BRDA:1123,203,1,0
BRF:507
BRH:0
end_of_record
TN:
SF:services/economicDataCache.ts
FN:50,(anonymous_0)
FN:62,(anonymous_1)
FN:86,(anonymous_2)
FN:115,(anonymous_3)
FN:121,(anonymous_4)
FN:156,(anonymous_5)
FN:192,(anonymous_6)
FN:212,(anonymous_7)
FN:243,(anonymous_8)
FN:263,(anonymous_9)
FN:288,(anonymous_10)
FN:310,(anonymous_11)
FN:327,(anonymous_12)
FN:349,(anonymous_13)
FN:386,(anonymous_14)
FNF:15
FNH:0
FNDA:0,(anonymous_0)
FNDA:0,(anonymous_1)
FNDA:0,(anonymous_2)
FNDA:0,(anonymous_3)
FNDA:0,(anonymous_4)
FNDA:0,(anonymous_5)
FNDA:0,(anonymous_6)
FNDA:0,(anonymous_7)
FNDA:0,(anonymous_8)
FNDA:0,(anonymous_9)
FNDA:0,(anonymous_10)
FNDA:0,(anonymous_11)
FNDA:0,(anonymous_12)
FNDA:0,(anonymous_13)
FNDA:0,(anonymous_14)
DA:6,0
DA:45,0
DA:46,0
DA:47,0
DA:51,0
DA:52,0
DA:53,0
DA:55,0
DA:56,0
DA:58,0
DA:63,0
DA:64,0
DA:70,0
DA:71,0
DA:75,0
DA:76,0
DA:77,0
DA:79,0
DA:81,0
DA:93,0
DA:94,0
DA:96,0
DA:99,0
DA:116,0
DA:117,0
DA:119,0
DA:121,0
DA:138,0
DA:145,0
DA:146,0
DA:149,0
DA:151,0
DA:161,0
DA:162,0
DA:169,0
DA:170,0
DA:173,0
DA:174,0
DA:179,0
DA:181,0
DA:182,0
DA:185,0
DA:187,0
DA:198,0
DA:200,0
DA:202,0
DA:203,0
DA:207,0
DA:208,0
DA:210,0
DA:211,0
DA:212,0
DA:213,0
DA:216,0
DA:217,0
DA:218,0
DA:220,0
DA:225,0
DA:228,0
DA:231,0
DA:235,0
DA:238,0
DA:244,0
DA:245,0
DA:252,0
DA:253,0
DA:256,0
DA:258,0
DA:264,0
DA:265,0
DA:266,0
DA:268,0
DA:277,0
DA:278,0
DA:281,0
DA:283,0
DA:289,0
DA:291,0
DA:296,0
DA:299,0
DA:304,0
DA:311,0
DA:312,0
DA:314,0
DA:319,0
DA:320,0
DA:328,0
DA:356,0
DA:357,0
DA:359,0
DA:363,0
DA:368,0
DA:373,0
DA:378,0
DA:385,0
DA:386,0
DA:387,0
DA:390,0
DA:398,0
LF:99
LH:0
BRDA:6,0,0,0
BRDA:6,0,1,0
BRDA:50,1,0,0
BRDA:52,2,0,0
BRDA:52,2,1,0
BRDA:52,3,0,0
BRDA:52,3,1,0
BRDA:55,4,0,0
BRDA:55,4,1,0
BRDA:70,5,0,0
BRDA:70,5,1,0
BRDA:70,6,0,0
BRDA:70,6,1,0
BRDA:94,7,0,0
BRDA:94,7,1,0
BRDA:117,8,0,0
BRDA:117,8,1,0
BRDA:125,9,0,0
BRDA:125,9,1,0
BRDA:128,10,0,0
BRDA:128,10,1,0
BRDA:145,11,0,0
BRDA:145,11,1,0
BRDA:157,12,0,0
BRDA:169,13,0,0
BRDA:169,13,1,0
BRDA:169,14,0,0
BRDA:169,14,1,0
BRDA:173,15,0,0
BRDA:173,15,1,0
BRDA:181,16,0,0
BRDA:181,16,1,0
BRDA:185,17,0,0
BRDA:185,17,1,0
BRDA:193,18,0,0
BRDA:196,19,0,0
BRDA:202,20,0,0
BRDA:202,20,1,0
BRDA:202,21,0,0
BRDA:202,21,1,0
BRDA:243,22,0,0
BRDA:252,23,0,0
BRDA:252,23,1,0
BRDA:256,24,0,0
BRDA:256,24,1,0
BRDA:263,25,0,0
BRDA:263,26,0,0
BRDA:277,27,0,0
BRDA:277,27,1,0
BRDA:281,28,0,0
BRDA:281,28,1,0
BRDA:319,29,0,0
BRDA:319,29,1,0
BRDA:333,30,0,0
BRDA:333,30,1,0
BRDA:336,31,0,0
BRDA:336,31,1,0
BRDA:343,32,0,0
BRDA:343,32,1,0
BRDA:387,33,0,0
BRDA:387,33,1,0
BRDA:391,34,0,0
BRDA:391,34,1,0
BRDA:392,35,0,0
BRDA:392,35,1,0
BRDA:393,36,0,0
BRDA:393,36,1,0
BRDA:394,37,0,0
BRDA:394,37,1,0
BRF:69
BRH:0
end_of_record
TN:
SF:services/eodhdService.ts
FN:131,(anonymous_0)
FN:138,(anonymous_1)
FN:146,(anonymous_2)
FN:150,(anonymous_3)
FN:180,(anonymous_4)
FN:209,(anonymous_5)
FN:229,(anonymous_6)
FN:246,(anonymous_7)
FN:286,(anonymous_8)
FN:324,(anonymous_9)
FN:333,(anonymous_10)
FN:345,(anonymous_11)
FN:351,(anonymous_12)
FN:364,(anonymous_13)
FN:375,(anonymous_14)
FN:393,(anonymous_15)
FN:457,(anonymous_16)
FN:469,(anonymous_17)
FN:488,(anonymous_18)
FNF:19
FNH:0
FNDA:0,(anonymous_0)
FNDA:0,(anonymous_1)
FNDA:0,(anonymous_2)
FNDA:0,(anonymous_3)
FNDA:0,(anonymous_4)
FNDA:0,(anonymous_5)
FNDA:0,(anonymous_6)
FNDA:0,(anonymous_7)
FNDA:0,(anonymous_8)
FNDA:0,(anonymous_9)
FNDA:0,(anonymous_10)
FNDA:0,(anonymous_11)
FNDA:0,(anonymous_12)
FNDA:0,(anonymous_13)
FNDA:0,(anonymous_14)
FNDA:0,(anonymous_15)
FNDA:0,(anonymous_16)
FNDA:0,(anonymous_17)
FNDA:0,(anonymous_18)
DA:53,0
DA:109,0
DA:127,0
DA:128,0
DA:129,0
DA:132,0
DA:133,0
DA:135,0
DA:139,0
DA:140,0
DA:141,0
DA:143,0
DA:147,0
DA:151,0
DA:152,0
DA:153,0
DA:154,0
DA:157,0
DA:158,0
DA:164,0
DA:165,0
DA:167,0
DA:168,0
DA:171,0
DA:172,0
DA:173,0
DA:175,0
DA:189,0
DA:191,0
DA:194,0
DA:195,0
DA:196,0
DA:197,0
DA:198,0
DA:201,0
DA:209,0
DA:224,0
DA:237,0
DA:238,0
DA:239,0
DA:241,0
DA:253,0
DA:254,0
DA:255,0
DA:256,0
DA:258,0
DA:259,0
DA:260,0
DA:266,0
DA:267,0
DA:269,0
DA:270,0
DA:273,0
DA:274,0
DA:278,0
DA:282,0
DA:292,0
DA:293,0
DA:294,0
DA:295,0
DA:297,0
DA:298,0
DA:299,0
DA:305,0
DA:306,0
DA:308,0
DA:309,0
DA:311,0
DA:312,0
DA:316,0
DA:320,0
DA:325,0
DA:334,0
DA:335,0
DA:337,0
DA:346,0
DA:348,0
DA:351,0
DA:365,0
DA:366,0
DA:367,0
DA:370,0
DA:380,0
DA:382,0
DA:388,0
DA:394,0
DA:395,0
DA:396,0
DA:397,0
DA:398,0
DA:400,0
DA:458,0
DA:459,0
DA:460,0
DA:462,0
DA:463,0
DA:465,0
DA:470,0
DA:489,0
DA:491,0
DA:492,0
DA:494,0
DA:495,0
DA:498,0
DA:499,0
DA:502,0
DA:504,0
LF:107
LH:0
BRDA:133,0,0,0
BRDA:133,0,1,0
BRDA:135,1,0,0
BRDA:135,1,1,0
BRDA:140,2,0,0
BRDA:140,2,1,0
BRDA:140,3,0,0
BRDA:140,3,1,0
BRDA:150,4,0,0
BRDA:153,5,0,0
BRDA:153,5,1,0
BRDA:167,6,0,0
BRDA:167,6,1,0
BRDA:180,7,0,0
BRDA:191,8,0,0
BRDA:191,8,1,0
BRDA:195,9,0,0
BRDA:195,9,1,0
BRDA:197,10,0,0
BRDA:197,10,1,0
BRDA:216,11,0,0
BRDA:216,11,1,0
BRDA:217,12,0,0
BRDA:217,12,1,0
BRDA:217,13,0,0
BRDA:217,13,1,0
BRDA:218,14,0,0
BRDA:218,14,1,0
BRDA:219,15,0,0
BRDA:219,15,1,0
BRDA:220,16,0,0
BRDA:220,16,1,0
BRDA:221,17,0,0
BRDA:221,17,1,0
BRDA:239,18,0,0
BRDA:239,18,1,0
BRDA:246,19,0,0
BRDA:266,20,0,0
BRDA:266,20,1,0
BRDA:273,21,0,0
BRDA:273,21,1,0
BRDA:305,22,0,0
BRDA:305,22,1,0
BRDA:311,23,0,0
BRDA:311,23,1,0
BRDA:359,24,0,0
BRDA:359,24,1,0
BRDA:359,25,0,0
BRDA:359,25,1,0
BRDA:360,26,0,0
BRDA:360,26,1,0
BRDA:361,27,0,0
BRDA:361,27,1,0
BRDA:362,28,0,0
BRDA:362,28,1,0
BRDA:363,29,0,0
BRDA:363,29,1,0
BRDA:375,30,0,0
BRDA:457,31,0,0
BRDA:477,32,0,0
BRDA:477,32,1,0
BRDA:494,33,0,0
BRDA:494,33,1,0
BRDA:498,34,0,0
BRDA:498,34,1,0
BRF:65
BRH:0
end_of_record
TN:
SF:services/fearAndGreedService.ts
FN:28,(anonymous_0)
FN:39,(anonymous_1)
FN:47,(anonymous_2)
FN:55,(anonymous_3)
FN:60,(anonymous_4)
FN:129,(anonymous_5)
FN:219,(anonymous_6)
FN:234,(anonymous_7)
FN:243,(anonymous_8)
FN:251,(anonymous_9)
FNF:10
FNH:0
FNDA:0,(anonymous_0)
FNDA:0,(anonymous_1)
FNDA:0,(anonymous_2)
FNDA:0,(anonymous_3)
FNDA:0,(anonymous_4)
FNDA:0,(anonymous_5)
FNDA:0,(anonymous_6)
FNDA:0,(anonymous_7)
FNDA:0,(anonymous_8)
FNDA:0,(anonymous_9)
DA:24,0
DA:25,0
DA:26,0
DA:29,0
DA:30,0
DA:32,0
DA:34,0
DA:40,0
DA:41,0
DA:43,0
DA:48,0
DA:49,0
DA:51,0
DA:56,0
DA:61,0
DA:63,0
DA:64,0
DA:65,0
DA:68,0
DA:69,0
DA:73,0
DA:81,0
DA:82,0
DA:83,0
DA:85,0
DA:86,0
DA:88,0
DA:91,0
DA:100,0
DA:102,0
DA:107,0
DA:112,0
DA:113,0
DA:114,0
DA:117,0
DA:118,0
DA:121,0
DA:129,0
DA:130,0
DA:131,0
DA:132,0
DA:133,0
DA:141,0
DA:152,0
DA:153,0
DA:154,0
DA:156,0
DA:163,0
DA:174,0
DA:175,0
DA:176,0
DA:183,0
DA:195,0
DA:199,0
DA:200,0
DA:204,0
DA:206,0
DA:210,0
DA:211,0
DA:214,0
DA:220,0
DA:221,0
DA:222,0
DA:225,0
DA:235,0
DA:236,0
DA:237,0
DA:238,0
DA:239,0
DA:244,0
DA:245,0
DA:246,0
DA:247,0
DA:252,0
DA:253,0
DA:254,0
DA:255,0
DA:256,0
DA:261,0
LF:79
LH:0
BRDA:30,0,0,0
BRDA:30,0,1,0
BRDA:32,1,0,0
BRDA:32,1,1,0
BRDA:34,2,0,0
BRDA:34,2,1,0
BRDA:40,3,0,0
BRDA:40,3,1,0
BRDA:48,4,0,0
BRDA:48,4,1,0
BRDA:48,5,0,0
BRDA:48,5,1,0
BRDA:64,6,0,0
BRDA:64,6,1,0
BRDA:68,7,0,0
BRDA:68,7,1,0
BRDA:81,8,0,0
BRDA:81,8,1,0
BRDA:82,9,0,0
BRDA:82,9,1,0
BRDA:85,10,0,0
BRDA:85,10,1,0
BRDA:100,11,0,0
BRDA:100,11,1,0
BRDA:102,12,0,0
BRDA:102,12,1,0
BRDA:102,12,2,0
BRDA:103,13,0,0
BRDA:103,13,1,0
BRDA:107,14,0,0
BRDA:107,14,1,0
BRDA:107,14,2,0
BRDA:113,15,0,0
BRDA:113,15,1,0
BRDA:113,16,0,0
BRDA:113,16,1,0
BRDA:114,17,0,0
BRDA:114,17,1,0
BRDA:115,18,0,0
BRDA:115,18,1,0
BRDA:117,19,0,0
BRDA:117,19,1,0
BRDA:122,20,0,0
BRDA:122,20,1,0
BRDA:122,21,0,0
BRDA:122,21,1,0
BRDA:130,22,0,0
BRDA:130,22,1,0
BRDA:131,23,0,0
BRDA:131,23,1,0
BRDA:132,24,0,0
BRDA:132,24,1,0
BRDA:132,24,2,0
BRDA:134,25,0,0
BRDA:134,25,1,0
BRDA:134,26,0,0
BRDA:134,26,1,0
BRDA:136,27,0,0
BRDA:136,27,1,0
BRDA:152,28,0,0
BRDA:152,28,1,0
BRDA:152,29,0,0
BRDA:152,29,1,0
BRDA:153,30,0,0
BRDA:153,30,1,0
BRDA:153,30,2,0
BRDA:154,31,0,0
BRDA:154,31,1,0
BRDA:154,31,2,0
BRDA:157,32,0,0
BRDA:157,32,1,0
BRDA:157,33,0,0
BRDA:157,33,1,0
BRDA:159,34,0,0
BRDA:159,34,1,0
BRDA:159,34,2,0
BRDA:160,35,0,0
BRDA:160,35,1,0
BRDA:174,36,0,0
BRDA:174,36,1,0
BRDA:174,37,0,0
BRDA:174,37,1,0
BRDA:177,38,0,0
BRDA:177,38,1,0
BRDA:177,38,2,0
BRDA:178,39,0,0
BRDA:178,39,1,0
BRDA:178,39,2,0
BRDA:178,40,0,0
BRDA:178,40,1,0
BRDA:179,41,0,0
BRDA:179,41,1,0
BRDA:199,42,0,0
BRDA:199,42,1,0
BRDA:199,43,0,0
BRDA:199,43,1,0
BRDA:210,44,0,0
BRDA:210,44,1,0
BRDA:235,45,0,0
BRDA:235,45,1,0
BRDA:236,46,0,0
BRDA:236,46,1,0
BRDA:237,47,0,0
BRDA:237,47,1,0
BRDA:238,48,0,0
BRDA:238,48,1,0
BRDA:244,49,0,0
BRDA:244,49,1,0
BRDA:245,50,0,0
BRDA:245,50,1,0
BRDA:246,51,0,0
BRDA:246,51,1,0
BRDA:252,52,0,0
BRDA:252,52,1,0
BRDA:253,53,0,0
BRDA:253,53,1,0
BRDA:254,54,0,0
BRDA:254,54,1,0
BRDA:255,55,0,0
BRDA:255,55,1,0
BRF:120
BRH:0
end_of_record
TN:
SF:services/financialCalendarService.ts
FN:109,(anonymous_0)
FN:127,(anonymous_1)
FN:148,(anonymous_2)
FN:166,(anonymous_3)
FN:184,(anonymous_4)
FN:203,(anonymous_5)
FN:215,(anonymous_6)
FN:241,(anonymous_7)
FN:259,(anonymous_8)
FN:277,(anonymous_9)
FN:301,(anonymous_10)
FN:319,(anonymous_11)
FN:339,(anonymous_12)
FN:363,(anonymous_13)
FN:381,(anonymous_14)
FN:401,(anonymous_15)
FN:419,(anonymous_16)
FN:443,(anonymous_17)
FN:461,(anonymous_18)
FN:481,(anonymous_19)
FN:499,(anonymous_20)
FN:530,(anonymous_21)
FN:563,(anonymous_22)
FN:577,(anonymous_23)
FN:588,(anonymous_24)
FN:589,(anonymous_25)
FNF:26
FNH:0
FNDA:0,(anonymous_0)
FNDA:0,(anonymous_1)
FNDA:0,(anonymous_2)
FNDA:0,(anonymous_3)
FNDA:0,(anonymous_4)
FNDA:0,(anonymous_5)
FNDA:0,(anonymous_6)
FNDA:0,(anonymous_7)
FNDA:0,(anonymous_8)
FNDA:0,(anonymous_9)
FNDA:0,(anonymous_10)
FNDA:0,(anonymous_11)
FNDA:0,(anonymous_12)
FNDA:0,(anonymous_13)
FNDA:0,(anonymous_14)
FNDA:0,(anonymous_15)
FNDA:0,(anonymous_16)
FNDA:0,(anonymous_17)
FNDA:0,(anonymous_18)
FNDA:0,(anonymous_19)
FNDA:0,(anonymous_20)
FNDA:0,(anonymous_21)
FNDA:0,(anonymous_22)
FNDA:0,(anonymous_23)
FNDA:0,(anonymous_24)
FNDA:0,(anonymous_25)
DA:110,0
DA:111,0
DA:117,0
DA:118,0
DA:120,0
DA:128,0
DA:129,0
DA:131,0
DA:138,0
DA:139,0
DA:141,0
DA:149,0
DA:150,0
DA:156,0
DA:157,0
DA:159,0
DA:167,0
DA:168,0
DA:174,0
DA:175,0
DA:177,0
DA:185,0
DA:186,0
DA:193,0
DA:194,0
DA:196,0
DA:204,0
DA:205,0
DA:206,0
DA:208,0
DA:216,0
DA:217,0
DA:218,0
DA:219,0
DA:220,0
DA:221,0
DA:223,0
DA:224,0
DA:226,0
DA:228,0
DA:242,0
DA:243,0
DA:249,0
DA:250,0
DA:252,0
DA:260,0
DA:261,0
DA:267,0
DA:268,0
DA:270,0
DA:278,0
DA:279,0
DA:285,0
DA:286,0
DA:288,0
DA:302,0
DA:303,0
DA:309,0
DA:310,0
DA:312,0
DA:320,0
DA:321,0
DA:323,0
DA:329,0
DA:330,0
DA:332,0
DA:340,0
DA:341,0
DA:347,0
DA:348,0
DA:350,0
DA:364,0
DA:365,0
DA:371,0
DA:372,0
DA:374,0
DA:382,0
DA:383,0
DA:385,0
DA:391,0
DA:392,0
DA:394,0
DA:402,0
DA:403,0
DA:409,0
DA:410,0
DA:412,0
DA:420,0
DA:421,0
DA:427,0
DA:428,0
DA:430,0
DA:444,0
DA:445,0
DA:451,0
DA:452,0
DA:454,0
DA:462,0
DA:463,0
DA:465,0
DA:471,0
DA:472,0
DA:474,0
DA:482,0
DA:483,0
DA:489,0
DA:490,0
DA:492,0
DA:500,0
DA:501,0
DA:508,0
DA:509,0
DA:511,0
DA:521,0
DA:522,0
DA:523,0
DA:524,0
DA:525,0
DA:531,0
DA:532,0
DA:540,0
DA:549,0
DA:564,0
DA:565,0
DA:566,0
DA:568,0
DA:576,0
DA:578,0
DA:588,0
DA:589,0
DA:591,0
DA:597,0
LF:132
LH:0
BRDA:109,0,0,0
BRDA:117,1,0,0
BRDA:117,1,1,0
BRDA:118,2,0,0
BRDA:118,2,1,0
BRDA:127,3,0,0
BRDA:138,4,0,0
BRDA:138,4,1,0
BRDA:139,5,0,0
BRDA:139,5,1,0
BRDA:156,6,0,0
BRDA:156,6,1,0
BRDA:157,7,0,0
BRDA:157,7,1,0
BRDA:174,8,0,0
BRDA:174,8,1,0
BRDA:175,9,0,0
BRDA:175,9,1,0
BRDA:193,10,0,0
BRDA:193,10,1,0
BRDA:194,11,0,0
BRDA:194,11,1,0
BRDA:241,12,0,0
BRDA:249,13,0,0
BRDA:249,13,1,0
BRDA:250,14,0,0
BRDA:250,14,1,0
BRDA:267,15,0,0
BRDA:267,15,1,0
BRDA:268,16,0,0
BRDA:268,16,1,0
BRDA:285,17,0,0
BRDA:285,17,1,0
BRDA:286,18,0,0
BRDA:286,18,1,0
BRDA:301,19,0,0
BRDA:309,20,0,0
BRDA:309,20,1,0
BRDA:310,21,0,0
BRDA:310,21,1,0
BRDA:329,22,0,0
BRDA:329,22,1,0
BRDA:330,23,0,0
BRDA:330,23,1,0
BRDA:347,24,0,0
BRDA:347,24,1,0
BRDA:348,25,0,0
BRDA:348,25,1,0
BRDA:363,26,0,0
BRDA:371,27,0,0
BRDA:371,27,1,0
BRDA:372,28,0,0
BRDA:372,28,1,0
BRDA:391,29,0,0
BRDA:391,29,1,0
BRDA:392,30,0,0
BRDA:392,30,1,0
BRDA:409,31,0,0
BRDA:409,31,1,0
BRDA:410,32,0,0
BRDA:410,32,1,0
BRDA:427,33,0,0
BRDA:427,33,1,0
BRDA:428,34,0,0
BRDA:428,34,1,0
BRDA:443,35,0,0
BRDA:451,36,0,0
BRDA:451,36,1,0
BRDA:452,37,0,0
BRDA:452,37,1,0
BRDA:471,38,0,0
BRDA:471,38,1,0
BRDA:472,39,0,0
BRDA:472,39,1,0
BRDA:489,40,0,0
BRDA:489,40,1,0
BRDA:490,41,0,0
BRDA:490,41,1,0
BRDA:508,42,0,0
BRDA:508,42,1,0
BRDA:509,43,0,0
BRDA:509,43,1,0
BRF:82
BRH:0
end_of_record
TN:
SF:services/finnhubService.ts
FN:75,(anonymous_0)
FN:81,(anonymous_1)
FN:90,(anonymous_2)
FN:95,(anonymous_3)
FN:106,(anonymous_4)
FN:137,(anonymous_5)
FN:158,(anonymous_6)
FN:205,(anonymous_7)
FN:239,(anonymous_8)
FN:266,(anonymous_9)
FN:275,(anonymous_10)
FN:281,(anonymous_11)
FN:290,(anonymous_12)
FN:296,(anonymous_13)
FN:305,(anonymous_14)
FN:307,(anonymous_15)
FN:315,(anonymous_16)
FN:332,(anonymous_17)
FN:356,(anonymous_18)
FN:373,(anonymous_19)
FN:380,(anonymous_20)
FNF:21
FNH:0
FNDA:0,(anonymous_0)
FNDA:0,(anonymous_1)
FNDA:0,(anonymous_2)
FNDA:0,(anonymous_3)
FNDA:0,(anonymous_4)
FNDA:0,(anonymous_5)
FNDA:0,(anonymous_6)
FNDA:0,(anonymous_7)
FNDA:0,(anonymous_8)
FNDA:0,(anonymous_9)
FNDA:0,(anonymous_10)
FNDA:0,(anonymous_11)
FNDA:0,(anonymous_12)
FNDA:0,(anonymous_13)
FNDA:0,(anonymous_14)
FNDA:0,(anonymous_15)
FNDA:0,(anonymous_16)
FNDA:0,(anonymous_17)
FNDA:0,(anonymous_18)
FNDA:0,(anonymous_19)
FNDA:0,(anonymous_20)
DA:5,0
DA:6,0
DA:7,0
DA:72,0
DA:73,0
DA:76,0
DA:77,0
DA:82,0
DA:83,0
DA:84,0
DA:86,0
DA:91,0
DA:96,0
DA:97,0
DA:99,0
DA:100,0
DA:103,0
DA:104,0
DA:106,0
DA:107,0
DA:108,0
DA:112,0
DA:113,0
DA:115,0
DA:116,0
DA:117,0
DA:119,0
DA:122,0
DA:123,0
DA:124,0
DA:126,0
DA:138,0
DA:140,0
DA:141,0
DA:142,0
DA:144,0
DA:149,0
DA:151,0
DA:159,0
DA:160,0
DA:161,0
DA:168,0
DA:181,0
DA:183,0
DA:206,0
DA:208,0
DA:209,0
DA:211,0
DA:212,0
DA:214,0
DA:215,0
DA:217,0
DA:218,0
DA:220,0
DA:221,0
DA:223,0
DA:224,0
DA:226,0
DA:227,0
DA:229,0
DA:230,0
DA:233,0
DA:240,0
DA:260,0
DA:267,0
DA:268,0
DA:269,0
DA:271,0
DA:272,0
DA:274,0
DA:275,0
DA:282,0
DA:283,0
DA:284,0
DA:286,0
DA:287,0
DA:289,0
DA:290,0
DA:297,0
DA:298,0
DA:299,0
DA:301,0
DA:302,0
DA:304,0
DA:305,0
DA:307,0
DA:316,0
DA:318,0
DA:323,0
DA:325,0
DA:337,0
DA:339,0
DA:345,0
DA:347,0
DA:357,0
DA:360,0
DA:362,0
DA:364,0
DA:366,0
DA:374,0
DA:381,0
LF:101
LH:0
BRDA:5,0,0,0
BRDA:5,0,1,0
BRDA:83,1,0,0
BRDA:83,1,1,0
BRDA:83,2,0,0
BRDA:83,2,1,0
BRDA:95,3,0,0
BRDA:99,4,0,0
BRDA:99,4,1,0
BRDA:107,5,0,0
BRDA:107,5,1,0
BRDA:107,6,0,0
BRDA:107,6,1,0
BRDA:115,7,0,0
BRDA:115,7,1,0
BRDA:116,8,0,0
BRDA:116,8,1,0
BRDA:141,9,0,0
BRDA:141,9,1,0
BRDA:142,10,0,0
BRDA:142,10,1,0
BRDA:149,11,0,0
BRDA:149,11,1,0
BRDA:187,12,0,0
BRDA:187,12,1,0
BRDA:208,13,0,0
BRDA:208,13,1,0
BRDA:208,14,0,0
BRDA:208,14,1,0
BRDA:211,15,0,0
BRDA:211,15,1,0
BRDA:211,16,0,0
BRDA:211,16,1,0
BRDA:211,16,2,0
BRDA:214,17,0,0
BRDA:214,17,1,0
BRDA:214,18,0,0
BRDA:214,18,1,0
BRDA:214,18,2,0
BRDA:214,18,3,0
BRDA:217,19,0,0
BRDA:217,19,1,0
BRDA:217,20,0,0
BRDA:217,20,1,0
BRDA:217,20,2,0
BRDA:220,21,0,0
BRDA:220,21,1,0
BRDA:220,22,0,0
BRDA:220,22,1,0
BRDA:220,22,2,0
BRDA:220,22,3,0
BRDA:223,23,0,0
BRDA:223,23,1,0
BRDA:223,24,0,0
BRDA:223,24,1,0
BRDA:223,24,2,0
BRDA:226,25,0,0
BRDA:226,25,1,0
BRDA:226,26,0,0
BRDA:226,26,1,0
BRDA:226,26,2,0
BRDA:229,27,0,0
BRDA:229,27,1,0
BRDA:229,28,0,0
BRDA:229,28,1,0
BRDA:229,28,2,0
BRDA:260,29,0,0
BRDA:260,29,1,0
BRDA:296,30,0,0
BRDA:315,31,0,0
BRDA:315,32,0,0
BRDA:323,33,0,0
BRDA:323,33,1,0
BRDA:345,34,0,0
BRDA:345,34,1,0
BRDA:362,35,0,0
BRDA:362,35,1,0
BRF:77
BRH:0
end_of_record
TN:
SF:services/fundamentalsService.ts
FN:35,(anonymous_0)
FN:53,(anonymous_1)
FN:61,(anonymous_2)
FN:73,(anonymous_3)
FN:81,(anonymous_4)
FN:98,(anonymous_5)
FN:110,(anonymous_6)
FN:118,(anonymous_7)
FNF:8
FNH:0
FNDA:0,(anonymous_0)
FNDA:0,(anonymous_1)
FNDA:0,(anonymous_2)
FNDA:0,(anonymous_3)
FNDA:0,(anonymous_4)
FNDA:0,(anonymous_5)
FNDA:0,(anonymous_6)
FNDA:0,(anonymous_7)
DA:6,0
DA:7,0
DA:36,0
DA:38,0
DA:42,0
DA:43,0
DA:46,0
DA:49,0
DA:52,0
DA:53,0
DA:61,0
DA:63,0
DA:66,0
DA:77,0
DA:78,0
DA:81,0
DA:82,0
DA:83,0
DA:84,0
DA:85,0
DA:88,0
DA:91,0
DA:99,0
DA:100,0
DA:101,0
DA:103,0
DA:111,0
DA:112,0
DA:119,0
DA:120,0
LF:30
LH:0
BRDA:42,0,0,0
BRDA:42,0,1,0
BRDA:49,1,0,0
BRDA:49,1,1,0
BRDA:55,2,0,0
BRDA:55,2,1,0
BRDA:56,3,0,0
BRDA:56,3,1,0
BRDA:57,4,0,0
BRDA:57,4,1,0
BRDA:58,5,0,0
BRDA:58,5,1,0
BRDA:59,6,0,0
BRDA:59,6,1,0
BRDA:88,7,0,0
BRDA:88,7,1,0
BRDA:111,8,0,0
BRDA:111,8,1,0
BRDA:111,9,0,0
BRDA:111,9,1,0
BRDA:119,10,0,0
BRDA:119,10,1,0
BRDA:119,11,0,0
BRDA:119,11,1,0
BRF:24
BRH:0
end_of_record
TN:
SF:services/learningProgressService.ts
FN:41,(anonymous_0)
FN:72,(anonymous_1)
FN:97,(anonymous_2)
FN:117,(anonymous_3)
FN:143,(anonymous_4)
FN:168,(anonymous_5)
FN:185,(anonymous_6)
FN:186,(anonymous_7)
FN:206,(anonymous_8)
FN:207,(anonymous_9)
FN:211,(anonymous_10)
FN:222,(anonymous_11)
FN:240,(anonymous_12)
FN:254,(anonymous_13)
FN:275,(anonymous_14)
FN:283,(anonymous_15)
FN:323,(anonymous_16)
FN:348,(anonymous_17)
FN:351,(anonymous_18)
FN:372,(anonymous_19)
FN:399,(anonymous_20)
FNF:21
FNH:0
FNDA:0,(anonymous_0)
FNDA:0,(anonymous_1)
FNDA:0,(anonymous_2)
FNDA:0,(anonymous_3)
FNDA:0,(anonymous_4)
FNDA:0,(anonymous_5)
FNDA:0,(anonymous_6)
FNDA:0,(anonymous_7)
FNDA:0,(anonymous_8)
FNDA:0,(anonymous_9)
FNDA:0,(anonymous_10)
FNDA:0,(anonymous_11)
FNDA:0,(anonymous_12)
FNDA:0,(anonymous_13)
FNDA:0,(anonymous_14)
FNDA:0,(anonymous_15)
FNDA:0,(anonymous_16)
FNDA:0,(anonymous_17)
FNDA:0,(anonymous_18)
FNDA:0,(anonymous_19)
FNDA:0,(anonymous_20)
DA:42,0
DA:43,0
DA:61,0
DA:62,0
DA:65,0
DA:67,0
DA:73,0
DA:74,0
DA:82,0
DA:84,0
DA:85,0
DA:87,0
DA:90,0
DA:92,0
DA:98,0
DA:99,0
DA:106,0
DA:107,0
DA:110,0
DA:112,0
DA:118,0
DA:119,0
DA:132,0
DA:133,0
DA:136,0
DA:138,0
DA:144,0
DA:145,0
DA:153,0
DA:155,0
DA:156,0
DA:158,0
DA:161,0
DA:163,0
DA:169,0
DA:170,0
DA:176,0
DA:177,0
DA:180,0
DA:181,0
DA:185,0
DA:186,0
DA:188,0
DA:193,0
DA:199,0
DA:206,0
DA:207,0
DA:210,0
DA:211,0
DA:212,0
DA:213,0
DA:214,0
DA:215,0
DA:216,0
DA:217,0
DA:218,0
DA:222,0
DA:223,0
DA:224,0
DA:226,0
DA:227,0
DA:235,0
DA:248,0
DA:250,0
DA:254,0
DA:257,0
DA:264,0
DA:270,0
DA:275,0
DA:278,0
DA:283,0
DA:284,0
DA:286,0
DA:287,0
DA:293,0
DA:297,0
DA:302,0
DA:311,0
DA:324,0
DA:325,0
DA:333,0
DA:335,0
DA:336,0
DA:338,0
DA:341,0
DA:343,0
DA:349,0
DA:350,0
DA:351,0
DA:354,0
DA:360,0
DA:361,0
DA:364,0
DA:365,0
DA:367,0
DA:373,0
DA:374,0
DA:388,0
DA:389,0
DA:392,0
DA:394,0
DA:400,0
DA:401,0
DA:403,0
DA:419,0
DA:420,0
DA:423,0
DA:425,0
DA:430,0
LF:109
LH:0
BRDA:61,0,0,0
BRDA:61,0,1,0
BRDA:82,1,0,0
BRDA:82,1,1,0
BRDA:84,2,0,0
BRDA:84,2,1,0
BRDA:106,3,0,0
BRDA:106,3,1,0
BRDA:110,4,0,0
BRDA:110,4,1,0
BRDA:132,5,0,0
BRDA:132,5,1,0
BRDA:153,6,0,0
BRDA:153,6,1,0
BRDA:155,7,0,0
BRDA:155,7,1,0
BRDA:176,8,0,0
BRDA:176,8,1,0
BRDA:180,9,0,0
BRDA:180,9,1,0
BRDA:180,10,0,0
BRDA:180,10,1,0
BRDA:206,11,0,0
BRDA:206,11,1,0
BRDA:207,12,0,0
BRDA:207,12,1,0
BRDA:213,13,0,0
BRDA:213,13,1,0
BRDA:215,14,0,0
BRDA:215,14,1,0
BRDA:217,15,0,0
BRDA:217,15,1,0
BRDA:226,16,0,0
BRDA:226,16,1,0
BRDA:254,17,0,0
BRDA:254,17,1,0
BRDA:275,18,0,0
BRDA:275,18,1,0
BRDA:275,19,0,0
BRDA:275,19,1,0
BRDA:283,20,0,0
BRDA:283,20,1,0
BRDA:286,21,0,0
BRDA:286,21,1,0
BRDA:293,22,0,0
BRDA:293,22,1,0
BRDA:303,23,0,0
BRDA:303,23,1,0
BRDA:304,24,0,0
BRDA:304,24,1,0
BRDA:305,25,0,0
BRDA:305,25,1,0
BRDA:307,26,0,0
BRDA:307,26,1,0
BRDA:333,27,0,0
BRDA:333,27,1,0
BRDA:335,28,0,0
BRDA:335,28,1,0
BRDA:360,29,0,0
BRDA:360,29,1,0
BRDA:364,30,0,0
BRDA:364,30,1,0
BRDA:365,31,0,0
BRDA:365,31,1,0
BRDA:388,32,0,0
BRDA:388,32,1,0
BRDA:401,33,0,0
BRDA:401,33,1,0
BRDA:413,34,0,0
BRDA:413,34,1,0
BRDA:419,35,0,0
BRDA:419,35,1,0
BRF:72
BRH:0
end_of_record
TN:
SF:services/learningService.ts
FN:25,(anonymous_0)
FN:87,(anonymous_1)
FN:95,(anonymous_2)
FN:98,(anonymous_3)
FN:110,(anonymous_4)
FN:113,(anonymous_5)
FN:114,(anonymous_6)
FN:128,(anonymous_7)
FN:130,(anonymous_8)
FN:138,(anonymous_9)
FN:144,(anonymous_10)
FN:145,(anonymous_11)
FN:176,(anonymous_12)
FN:230,(anonymous_13)
FN:262,(anonymous_14)
FN:273,(anonymous_15)
FN:311,(anonymous_16)
FN:313,(anonymous_17)
FN:323,(anonymous_18)
FN:354,(anonymous_19)
FN:358,(anonymous_20)
FN:416,(anonymous_21)
FN:490,(anonymous_22)
FN:552,(anonymous_23)
FN:613,(anonymous_24)
FN:644,(anonymous_25)
FN:661,(anonymous_26)
FN:678,(anonymous_27)
FN:699,(anonymous_28)
FN:720,(anonymous_29)
FN:731,(anonymous_30)
FN:734,(anonymous_31)
FN:745,(anonymous_32)
FN:747,(anonymous_33)
FN:751,(anonymous_34)
FN:757,(anonymous_35)
FN:758,(anonymous_36)
FNF:37
FNH:0
FNDA:0,(anonymous_0)
FNDA:0,(anonymous_1)
FNDA:0,(anonymous_2)
FNDA:0,(anonymous_3)
FNDA:0,(anonymous_4)
FNDA:0,(anonymous_5)
FNDA:0,(anonymous_6)
FNDA:0,(anonymous_7)
FNDA:0,(anonymous_8)
FNDA:0,(anonymous_9)
FNDA:0,(anonymous_10)
FNDA:0,(anonymous_11)
FNDA:0,(anonymous_12)
FNDA:0,(anonymous_13)
FNDA:0,(anonymous_14)
FNDA:0,(anonymous_15)
FNDA:0,(anonymous_16)
FNDA:0,(anonymous_17)
FNDA:0,(anonymous_18)
FNDA:0,(anonymous_19)
FNDA:0,(anonymous_20)
FNDA:0,(anonymous_21)
FNDA:0,(anonymous_22)
FNDA:0,(anonymous_23)
FNDA:0,(anonymous_24)
FNDA:0,(anonymous_25)
FNDA:0,(anonymous_26)
FNDA:0,(anonymous_27)
FNDA:0,(anonymous_28)
FNDA:0,(anonymous_29)
FNDA:0,(anonymous_30)
FNDA:0,(anonymous_31)
FNDA:0,(anonymous_32)
FNDA:0,(anonymous_33)
FNDA:0,(anonymous_34)
FNDA:0,(anonymous_35)
FNDA:0,(anonymous_36)
DA:32,0
DA:34,0
DA:35,0
DA:41,0
DA:42,0
DA:45,0
DA:46,0
DA:64,0
DA:67,0
DA:68,0
DA:69,0
DA:71,0
DA:73,0
DA:74,0
DA:82,0
DA:84,0
DA:86,0
DA:87,0
DA:90,0
DA:95,0
DA:98,0
DA:99,0
DA:106,0
DA:109,0
DA:110,0
DA:113,0
DA:114,0
DA:115,0
DA:117,0
DA:124,0
DA:127,0
DA:128,0
DA:130,0
DA:131,0
DA:134,0
DA:135,0
DA:137,0
DA:138,0
DA:140,0
DA:144,0
DA:145,0
DA:149,0
DA:159,0
DA:176,0
DA:178,0
DA:188,0
DA:212,0
DA:220,0
DA:222,0
DA:231,0
DA:237,0
DA:238,0
DA:246,0
DA:253,0
DA:254,0
DA:262,0
DA:263,0
DA:264,0
DA:265,0
DA:272,0
DA:273,0
DA:278,0
DA:280,0
DA:282,0
DA:284,0
DA:292,0
DA:293,0
DA:303,0
DA:304,0
DA:311,0
DA:313,0
DA:314,0
DA:315,0
DA:318,0
DA:319,0
DA:320,0
DA:323,0
DA:324,0
DA:325,0
DA:326,0
DA:327,0
DA:328,0
DA:329,0
DA:331,0
DA:332,0
DA:334,0
DA:338,0
DA:340,0
DA:354,0
DA:355,0
DA:356,0
DA:358,0
DA:359,0
DA:360,0
DA:361,0
DA:362,0
DA:363,0
DA:364,0
DA:366,0
DA:367,0
DA:369,0
DA:373,0
DA:375,0
DA:384,0
DA:386,0
DA:389,0
DA:398,0
DA:409,0
DA:417,0
DA:423,0
DA:424,0
DA:432,0
DA:440,0
DA:443,0
DA:444,0
DA:451,0
DA:452,0
DA:465,0
DA:466,0
DA:467,0
DA:482,0
DA:491,0
DA:493,0
DA:494,0
DA:502,0
DA:511,0
DA:512,0
DA:524,0
DA:525,0
DA:532,0
DA:542,0
DA:553,0
DA:555,0
DA:556,0
DA:563,0
DA:569,0
DA:570,0
DA:576,0
DA:593,0
DA:594,0
DA:601,0
DA:614,0
DA:616,0
DA:617,0
DA:623,0
DA:633,0
DA:634,0
DA:641,0
DA:645,0
DA:649,0
DA:650,0
DA:657,0
DA:662,0
DA:666,0
DA:667,0
DA:674,0
DA:679,0
DA:681,0
DA:682,0
DA:686,0
DA:691,0
DA:692,0
DA:699,0
DA:701,0
DA:702,0
DA:705,0
DA:711,0
DA:712,0
DA:720,0
DA:721,0
DA:727,0
DA:730,0
DA:731,0
DA:734,0
DA:735,0
DA:741,0
DA:744,0
DA:745,0
DA:747,0
DA:748,0
DA:749,0
DA:751,0
DA:753,0
DA:757,0
DA:758,0
DA:761,0
LF:186
LH:0
BRDA:25,0,0,0
BRDA:27,1,0,0
BRDA:28,2,0,0
BRDA:29,3,0,0
BRDA:30,4,0,0
BRDA:31,5,0,0
BRDA:41,6,0,0
BRDA:41,6,1,0
BRDA:45,7,0,0
BRDA:45,7,1,0
BRDA:45,8,0,0
BRDA:45,8,1,0
BRDA:73,9,0,0
BRDA:73,9,1,0
BRDA:86,10,0,0
BRDA:86,10,1,0
BRDA:87,11,0,0
BRDA:87,11,1,0
BRDA:95,12,0,0
BRDA:95,12,1,0
BRDA:106,13,0,0
BRDA:106,13,1,0
BRDA:114,14,0,0
BRDA:114,14,1,0
BRDA:115,15,0,0
BRDA:115,15,1,0
BRDA:124,16,0,0
BRDA:124,16,1,0
BRDA:130,17,0,0
BRDA:130,17,1,0
BRDA:131,18,0,0
BRDA:131,18,1,0
BRDA:134,19,0,0
BRDA:134,19,1,0
BRDA:135,20,0,0
BRDA:135,20,1,0
BRDA:143,21,0,0
BRDA:143,21,1,0
BRDA:144,22,0,0
BRDA:144,22,1,0
BRDA:145,23,0,0
BRDA:145,23,1,0
BRDA:149,24,0,0
BRDA:149,24,1,0
BRDA:161,25,0,0
BRDA:161,25,1,0
BRDA:162,26,0,0
BRDA:162,26,1,0
BRDA:163,27,0,0
BRDA:163,27,1,0
BRDA:164,28,0,0
BRDA:164,28,1,0
BRDA:165,29,0,0
BRDA:165,29,1,0
BRDA:166,30,0,0
BRDA:166,30,1,0
BRDA:167,31,0,0
BRDA:167,31,1,0
BRDA:168,32,0,0
BRDA:168,32,1,0
BRDA:172,33,0,0
BRDA:172,33,1,0
BRDA:176,34,0,0
BRDA:176,34,1,0
BRDA:178,35,0,0
BRDA:178,35,1,0
BRDA:190,36,0,0
BRDA:190,36,1,0
BRDA:191,37,0,0
BRDA:191,37,1,0
BRDA:192,38,0,0
BRDA:192,38,1,0
BRDA:193,39,0,0
BRDA:193,39,1,0
BRDA:194,40,0,0
BRDA:194,40,1,0
BRDA:195,41,0,0
BRDA:195,41,1,0
BRDA:196,42,0,0
BRDA:196,42,1,0
BRDA:197,43,0,0
BRDA:197,43,1,0
BRDA:214,44,0,0
BRDA:214,44,1,0
BRDA:217,45,0,0
BRDA:217,45,1,0
BRDA:224,46,0,0
BRDA:224,46,1,0
BRDA:237,47,0,0
BRDA:237,47,1,0
BRDA:253,48,0,0
BRDA:253,48,1,0
BRDA:262,49,0,0
BRDA:262,49,1,0
BRDA:264,50,0,0
BRDA:264,50,1,0
BRDA:272,51,0,0
BRDA:272,51,1,0
BRDA:282,52,0,0
BRDA:282,52,1,0
BRDA:292,53,0,0
BRDA:292,53,1,0
BRDA:303,54,0,0
BRDA:303,54,1,0
BRDA:311,55,0,0
BRDA:311,55,1,0
BRDA:313,56,0,0
BRDA:313,56,1,0
BRDA:319,57,0,0
BRDA:319,57,1,0
BRDA:319,58,0,0
BRDA:319,58,1,0
BRDA:319,58,2,0
BRDA:324,59,0,0
BRDA:324,59,1,0
BRDA:324,60,0,0
BRDA:324,60,1,0
BRDA:331,61,0,0
BRDA:331,61,1,0
BRDA:343,62,0,0
BRDA:343,62,1,0
BRDA:344,63,0,0
BRDA:344,63,1,0
BRDA:346,64,0,0
BRDA:346,64,1,0
BRDA:347,65,0,0
BRDA:347,65,1,0
BRDA:348,66,0,0
BRDA:348,66,1,0
BRDA:354,67,0,0
BRDA:354,67,1,0
BRDA:359,68,0,0
BRDA:359,68,1,0
BRDA:359,69,0,0
BRDA:359,69,1,0
BRDA:366,70,0,0
BRDA:366,70,1,0
BRDA:378,71,0,0
BRDA:378,71,1,0
BRDA:386,72,0,0
BRDA:386,72,1,0
BRDA:423,73,0,0
BRDA:423,73,1,0
BRDA:443,74,0,0
BRDA:443,74,1,0
BRDA:451,75,0,0
BRDA:451,75,1,0
BRDA:453,76,0,0
BRDA:453,76,1,0
BRDA:456,77,0,0
BRDA:456,77,1,0
BRDA:457,78,0,0
BRDA:457,78,1,0
BRDA:458,79,0,0
BRDA:458,79,1,0
BRDA:459,80,0,0
BRDA:459,80,1,0
BRDA:466,81,0,0
BRDA:466,81,1,0
BRDA:472,82,0,0
BRDA:472,82,1,0
BRDA:472,82,2,0
BRDA:473,83,0,0
BRDA:473,83,1,0
BRDA:473,83,2,0
BRDA:493,84,0,0
BRDA:493,84,1,0
BRDA:511,85,0,0
BRDA:511,85,1,0
BRDA:524,86,0,0
BRDA:524,86,1,0
BRDA:555,87,0,0
BRDA:555,87,1,0
BRDA:569,88,0,0
BRDA:569,88,1,0
BRDA:582,89,0,0
BRDA:582,89,1,0
BRDA:582,90,0,0
BRDA:582,90,1,0
BRDA:583,91,0,0
BRDA:583,91,1,0
BRDA:585,92,0,0
BRDA:585,92,1,0
BRDA:593,93,0,0
BRDA:593,93,1,0
BRDA:605,94,0,0
BRDA:605,94,1,0
BRDA:606,95,0,0
BRDA:606,95,1,0
BRDA:607,96,0,0
BRDA:607,96,1,0
BRDA:616,97,0,0
BRDA:616,97,1,0
BRDA:633,98,0,0
BRDA:633,98,1,0
BRDA:649,99,0,0
BRDA:649,99,1,0
BRDA:666,100,0,0
BRDA:666,100,1,0
BRDA:681,101,0,0
BRDA:681,101,1,0
BRDA:691,102,0,0
BRDA:691,102,1,0
BRDA:699,103,0,0
BRDA:699,103,1,0
BRDA:701,104,0,0
BRDA:701,104,1,0
BRDA:711,105,0,0
BRDA:711,105,1,0
BRDA:727,106,0,0
BRDA:727,106,1,0
BRDA:741,107,0,0
BRDA:741,107,1,0
BRDA:747,108,0,0
BRDA:747,108,1,0
BRDA:748,109,0,0
BRDA:748,109,1,0
BRDA:749,110,0,0
BRDA:749,110,1,0
BRDA:756,111,0,0
BRDA:756,111,1,0
BRDA:757,112,0,0
BRDA:757,112,1,0
BRDA:758,113,0,0
BRDA:758,113,1,0
BRF:225
BRH:0
end_of_record
TN:
SF:services/likedArticlesService.ts
FN:17,(anonymous_0)
FN:43,(anonymous_1)
FN:77,(anonymous_2)
FN:102,(anonymous_3)
FN:127,(anonymous_4)
FN:144,(anonymous_5)
FN:151,(anonymous_6)
FN:175,(anonymous_7)
FNF:8
FNH:0
FNDA:0,(anonymous_0)
FNDA:0,(anonymous_1)
FNDA:0,(anonymous_2)
FNDA:0,(anonymous_3)
FNDA:0,(anonymous_4)
FNDA:0,(anonymous_5)
FNDA:0,(anonymous_6)
FNDA:0,(anonymous_7)
DA:18,0
DA:19,0
DA:21,0
DA:22,0
DA:25,0
DA:32,0
DA:33,0
DA:36,0
DA:38,0
DA:44,0
DA:45,0
DA:47,0
DA:48,0
DA:51,0
DA:62,0
DA:64,0
DA:65,0
DA:67,0
DA:70,0
DA:72,0
DA:78,0
DA:79,0
DA:81,0
DA:82,0
DA:85,0
DA:91,0
DA:92,0
DA:95,0
DA:97,0
DA:103,0
DA:104,0
DA:106,0
DA:107,0
DA:110,0
DA:116,0
DA:117,0
DA:120,0
DA:122,0
DA:128,0
DA:129,0
DA:131,0
DA:132,0
DA:135,0
DA:140,0
DA:141,0
DA:144,0
DA:146,0
DA:152,0
DA:153,0
DA:155,0
DA:156,0
DA:159,0
DA:164,0
DA:165,0
DA:168,0
DA:170,0
DA:176,0
DA:177,0
DA:182,0
DA:183,0
DA:186,0
DA:188,0
LF:62
LH:0
BRDA:21,0,0,0
BRDA:21,0,1,0
BRDA:21,1,0,0
BRDA:21,1,1,0
BRDA:32,2,0,0
BRDA:32,2,1,0
BRDA:32,3,0,0
BRDA:32,3,1,0
BRDA:47,4,0,0
BRDA:47,4,1,0
BRDA:47,5,0,0
BRDA:47,5,1,0
BRDA:62,6,0,0
BRDA:62,6,1,0
BRDA:64,7,0,0
BRDA:64,7,1,0
BRDA:81,8,0,0
BRDA:81,8,1,0
BRDA:81,9,0,0
BRDA:81,9,1,0
BRDA:91,10,0,0
BRDA:91,10,1,0
BRDA:106,11,0,0
BRDA:106,11,1,0
BRDA:106,12,0,0
BRDA:106,12,1,0
BRDA:116,13,0,0
BRDA:116,13,1,0
BRDA:120,14,0,0
BRDA:120,14,1,0
BRDA:131,15,0,0
BRDA:131,15,1,0
BRDA:131,16,0,0
BRDA:131,16,1,0
BRDA:140,17,0,0
BRDA:140,17,1,0
BRDA:144,18,0,0
BRDA:144,18,1,0
BRDA:155,19,0,0
BRDA:155,19,1,0
BRDA:155,20,0,0
BRDA:155,20,1,0
BRDA:164,21,0,0
BRDA:164,21,1,0
BRDA:182,22,0,0
BRDA:182,22,1,0
BRDA:186,23,0,0
BRDA:186,23,1,0
BRF:48
BRH:0
end_of_record
TN:
SF:services/majorIndices.ts
FN:71,(anonymous_0)
FN:76,(anonymous_1)
FN:77,(anonymous_2)
FNF:3
FNH:0
FNDA:0,(anonymous_0)
FNDA:0,(anonymous_1)
FNDA:0,(anonymous_2)
DA:4,0
DA:47,0
DA:57,0
DA:66,0
DA:71,0
DA:72,0
DA:76,0
DA:77,0
LF:8
LH:0
BRF:0
BRH:0
end_of_record
TN:
SF:services/marketCapFilters.ts
FN:72,(anonymous_0)
FN:92,(anonymous_1)
FNF:2
FNH:0
FNDA:0,(anonymous_0)
FNDA:0,(anonymous_1)
DA:5,0
DA:17,0
DA:29,0
DA:41,0
DA:52,0
DA:62,0
DA:72,0
DA:73,0
DA:75,0
DA:77,0
DA:79,0
DA:81,0
DA:83,0
DA:85,0
DA:87,0
DA:92,0
DA:93,0
DA:95,0
DA:97,0
DA:99,0
DA:101,0
DA:103,0
DA:105,0
DA:107,0
LF:24
LH:0
BRDA:73,0,0,0
BRDA:73,0,1,0
BRDA:73,0,2,0
BRDA:73,0,3,0
BRDA:73,0,4,0
BRDA:73,0,5,0
BRDA:73,0,6,0
BRDA:93,1,0,0
BRDA:93,1,1,0
BRDA:93,1,2,0
BRDA:93,1,3,0
BRDA:93,1,4,0
BRDA:93,1,5,0
BRDA:93,1,6,0
BRF:14
BRH:0
end_of_record
TN:
SF:services/mediaService.ts
FN:8,toUploadErrorMessage
FN:55,(anonymous_1)
FN:78,(anonymous_2)
FN:101,(anonymous_3)
FN:123,(anonymous_4)
FN:145,(anonymous_5)
FN:172,(anonymous_6)
FN:192,(anonymous_7)
FN:308,(anonymous_8)
FN:346,(anonymous_9)
FN:411,(anonymous_10)
FNF:11
FNH:0
FNDA:0,toUploadErrorMessage
FNDA:0,(anonymous_1)
FNDA:0,(anonymous_2)
FNDA:0,(anonymous_3)
FNDA:0,(anonymous_4)
FNDA:0,(anonymous_5)
FNDA:0,(anonymous_6)
FNDA:0,(anonymous_7)
FNDA:0,(anonymous_8)
FNDA:0,(anonymous_9)
FNDA:0,(anonymous_10)
DA:6,0
DA:9,0
DA:10,0
DA:11,0
DA:12,0
DA:14,0
DA:56,0
DA:57,0
DA:65,0
DA:66,0
DA:67,0
DA:70,0
DA:72,0
DA:73,0
DA:79,0
DA:80,0
DA:88,0
DA:89,0
DA:90,0
DA:93,0
DA:95,0
DA:96,0
DA:102,0
DA:103,0
DA:110,0
DA:111,0
DA:112,0
DA:115,0
DA:117,0
DA:118,0
DA:124,0
DA:125,0
DA:132,0
DA:133,0
DA:134,0
DA:137,0
DA:139,0
DA:140,0
DA:146,0
DA:147,0
DA:149,0
DA:158,0
DA:159,0
DA:160,0
DA:164,0
DA:166,0
DA:167,0
DA:173,0
DA:174,0
DA:179,0
DA:180,0
DA:181,0
DA:184,0
DA:186,0
DA:187,0
DA:193,0
DA:194,0
DA:296,0
DA:297,0
DA:300,0
DA:302,0
DA:303,0
DA:316,0
DA:318,0
DA:319,0
DA:321,0
DA:322,0
DA:323,0
DA:326,0
DA:338,0
DA:340,0
DA:341,0
DA:352,0
DA:353,0
DA:355,0
DA:356,0
DA:359,0
DA:360,0
DA:363,0
DA:364,0
DA:365,0
DA:366,0
DA:368,0
DA:372,0
DA:374,0
DA:381,0
DA:382,0
DA:383,0
DA:389,0
DA:393,0
DA:403,0
DA:404,0
DA:412,0
DA:440,0
DA:444,0
LF:95
LH:0
BRDA:9,0,0,0
BRDA:9,0,1,0
BRDA:10,1,0,0
BRDA:10,1,1,0
BRDA:10,2,0,0
BRDA:10,2,1,0
BRDA:11,3,0,0
BRDA:11,3,1,0
BRDA:65,4,0,0
BRDA:65,4,1,0
BRDA:88,5,0,0
BRDA:88,5,1,0
BRDA:110,6,0,0
BRDA:110,6,1,0
BRDA:115,7,0,0
BRDA:115,7,1,0
BRDA:132,8,0,0
BRDA:132,8,1,0
BRDA:158,9,0,0
BRDA:158,9,1,0
BRDA:179,10,0,0
BRDA:179,10,1,0
BRDA:319,11,0,0
BRDA:319,11,1,0
BRDA:321,12,0,0
BRDA:321,12,1,0
BRDA:355,13,0,0
BRDA:355,13,1,0
BRDA:359,14,0,0
BRDA:359,14,1,0
BRDA:359,15,0,0
BRDA:359,15,1,0
BRDA:364,16,0,0
BRDA:364,16,1,0
BRDA:381,17,0,0
BRDA:381,17,1,0
BRDA:385,18,0,0
BRDA:385,18,1,0
BRDA:440,19,0,0
BRDA:440,19,1,0
BRF:40
BRH:0
end_of_record
TN:
SF:services/newsService.ts
FN:42,(anonymous_0)
FN:50,(anonymous_1)
FN:100,(anonymous_2)
FN:121,(anonymous_3)
FN:142,(anonymous_4)
FN:155,(anonymous_5)
FN:164,(anonymous_6)
FN:177,(anonymous_7)
FN:186,(anonymous_8)
FN:207,(anonymous_9)
FN:223,(anonymous_10)
FN:230,(anonymous_11)
FN:239,(anonymous_12)
FN:274,(anonymous_13)
FN:291,(anonymous_14)
FN:303,(anonymous_15)
FN:360,(anonymous_16)
FN:365,(anonymous_17)
FN:380,(anonymous_18)
FNF:19
FNH:0
FNDA:0,(anonymous_0)
FNDA:0,(anonymous_1)
FNDA:0,(anonymous_2)
FNDA:0,(anonymous_3)
FNDA:0,(anonymous_4)
FNDA:0,(anonymous_5)
FNDA:0,(anonymous_6)
FNDA:0,(anonymous_7)
FNDA:0,(anonymous_8)
FNDA:0,(anonymous_9)
FNDA:0,(anonymous_10)
FNDA:0,(anonymous_11)
FNDA:0,(anonymous_12)
FNDA:0,(anonymous_13)
FNDA:0,(anonymous_14)
FNDA:0,(anonymous_15)
FNDA:0,(anonymous_16)
FNDA:0,(anonymous_17)
FNDA:0,(anonymous_18)
DA:40,0
DA:43,0
DA:44,0
DA:46,0
DA:51,0
DA:53,0
DA:59,0
DA:60,0
DA:63,0
DA:64,0
DA:67,0
DA:68,0
DA:71,0
DA:72,0
DA:75,0
DA:76,0
DA:79,0
DA:80,0
DA:83,0
DA:84,0
DA:87,0
DA:89,0
DA:90,0
DA:93,0
DA:95,0
DA:101,0
DA:103,0
DA:110,0
DA:111,0
DA:114,0
DA:116,0
DA:122,0
DA:124,0
DA:131,0
DA:132,0
DA:135,0
DA:137,0
DA:143,0
DA:145,0
DA:150,0
DA:151,0
DA:155,0
DA:157,0
DA:159,0
DA:165,0
DA:167,0
DA:172,0
DA:173,0
DA:177,0
DA:179,0
DA:181,0
DA:187,0
DA:189,0
DA:196,0
DA:197,0
DA:200,0
DA:202,0
DA:210,0
DA:211,0
DA:214,0
DA:224,0
DA:230,0
DA:231,0
DA:232,0
DA:233,0
DA:244,0
DA:246,0
DA:249,0
DA:256,0
DA:260,0
DA:263,0
DA:269,0
DA:275,0
DA:277,0
DA:281,0
DA:282,0
DA:286,0
DA:292,0
DA:293,0
DA:294,0
DA:300,0
DA:303,0
DA:305,0
DA:306,0
DA:312,0
DA:314,0
DA:315,0
DA:317,0
DA:318,0
DA:320,0
DA:323,0
DA:327,0
DA:328,0
DA:331,0
DA:335,0
DA:337,0
DA:347,0
DA:350,0
DA:360,0
DA:361,0
DA:362,0
DA:365,0
DA:366,0
DA:377,0
DA:380,0
DA:381,0
DA:392,0
LF:107
LH:0
BRDA:43,0,0,0
BRDA:43,0,1,0
BRDA:50,1,0,0
BRDA:59,2,0,0
BRDA:59,2,1,0
BRDA:63,3,0,0
BRDA:63,3,1,0
BRDA:67,4,0,0
BRDA:67,4,1,0
BRDA:71,5,0,0
BRDA:71,5,1,0
BRDA:75,6,0,0
BRDA:75,6,1,0
BRDA:79,7,0,0
BRDA:79,7,1,0
BRDA:83,8,0,0
BRDA:83,8,1,0
BRDA:84,9,0,0
BRDA:84,9,1,0
BRDA:89,10,0,0
BRDA:89,10,1,0
BRDA:93,11,0,0
BRDA:93,11,1,0
BRDA:100,12,0,0
BRDA:110,13,0,0
BRDA:110,13,1,0
BRDA:114,14,0,0
BRDA:114,14,1,0
BRDA:121,15,0,0
BRDA:131,16,0,0
BRDA:131,16,1,0
BRDA:135,17,0,0
BRDA:135,17,1,0
BRDA:150,18,0,0
BRDA:150,18,1,0
BRDA:172,19,0,0
BRDA:172,19,1,0
BRDA:186,20,0,0
BRDA:196,21,0,0
BRDA:196,21,1,0
BRDA:200,22,0,0
BRDA:200,22,1,0
BRDA:210,23,0,0
BRDA:210,23,1,0
BRDA:231,24,0,0
BRDA:231,24,1,0
BRDA:240,25,0,0
BRDA:241,26,0,0
BRDA:242,27,0,0
BRDA:260,28,0,0
BRDA:260,28,1,0
BRDA:266,29,0,0
BRDA:266,29,1,0
BRDA:281,30,0,0
BRDA:281,30,1,0
BRDA:292,31,0,0
BRDA:292,31,1,0
BRDA:305,32,0,0
BRDA:305,32,1,0
BRDA:314,33,0,0
BRDA:314,33,1,0
BRDA:314,34,0,0
BRDA:314,34,1,0
BRDA:317,35,0,0
BRDA:317,35,1,0
BRDA:327,36,0,0
BRDA:327,36,1,0
BRDA:327,37,0,0
BRDA:327,37,1,0
BRDA:360,38,0,0
BRDA:361,39,0,0
BRDA:361,39,1,0
BRDA:377,40,0,0
BRDA:377,40,1,0
BRDA:377,41,0,0
BRDA:377,41,1,0
BRDA:392,42,0,0
BRDA:392,42,1,0
BRDA:392,43,0,0
BRDA:392,43,1,0
BRF:80
BRH:0
end_of_record
TN:
SF:services/notificationService.ts
FN:17,(anonymous_0)
FN:37,setupNotificationChannels
FN:74,(anonymous_2)
FN:100,(anonymous_3)
FN:126,(anonymous_4)
FN:166,(anonymous_5)
FN:175,(anonymous_6)
FN:188,(anonymous_7)
FN:327,(anonymous_8)
FN:375,(anonymous_9)
FN:388,(anonymous_10)
FN:393,(anonymous_11)
FN:398,(anonymous_12)
FNF:13
FNH:0
FNDA:0,(anonymous_0)
FNDA:0,setupNotificationChannels
FNDA:0,(anonymous_2)
FNDA:0,(anonymous_3)
FNDA:0,(anonymous_4)
FNDA:0,(anonymous_5)
FNDA:0,(anonymous_6)
FNDA:0,(anonymous_7)
FNDA:0,(anonymous_8)
FNDA:0,(anonymous_9)
FNDA:0,(anonymous_10)
FNDA:0,(anonymous_11)
FNDA:0,(anonymous_12)
DA:11,0
DA:12,0
DA:16,0
DA:18,0
DA:19,0
DA:20,0
DA:21,0
DA:22,0
DA:23,0
DA:26,0
DA:38,0
DA:40,0
DA:52,0
DA:60,0
DA:71,0
DA:74,0
DA:76,0
DA:77,0
DA:78,0
DA:82,0
DA:83,0
DA:84,0
DA:87,0
DA:88,0
DA:91,0
DA:94,0
DA:98,0
DA:101,0
DA:102,0
DA:105,0
DA:106,0
DA:107,0
DA:114,0
DA:116,0
DA:118,0
DA:122,0
DA:127,0
DA:130,0
DA:135,0
DA:136,0
DA:140,0
DA:141,0
DA:142,0
DA:145,0
DA:146,0
DA:150,0
DA:151,0
DA:154,0
DA:156,0
DA:157,0
DA:160,0
DA:161,0
DA:167,0
DA:168,0
DA:169,0
DA:171,0
DA:176,0
DA:177,0
DA:180,0
DA:181,0
DA:182,0
DA:184,0
DA:189,0
DA:191,0
DA:196,0
DA:197,0
DA:198,0
DA:199,0
DA:202,0
DA:203,0
DA:206,0
DA:207,0
DA:208,0
DA:211,0
DA:213,0
DA:214,0
DA:217,0
DA:218,0
DA:219,0
DA:222,0
DA:223,0
DA:228,0
DA:229,0
DA:235,0
DA:236,0
DA:240,0
DA:247,0
DA:248,0
DA:251,0
DA:252,0
DA:263,0
DA:264,0
DA:265,0
DA:268,0
DA:270,0
DA:282,0
DA:284,0
DA:286,0
DA:293,0
DA:294,0
DA:305,0
DA:306,0
DA:307,0
DA:310,0
DA:314,0
DA:315,0
DA:318,0
DA:321,0
DA:322,0
DA:328,0
DA:329,0
DA:332,0
DA:333,0
DA:334,0
DA:335,0
DA:337,0
DA:340,0
DA:341,0
DA:342,0
DA:346,0
DA:352,0
DA:353,0
DA:354,0
DA:360,0
DA:361,0
DA:362,0
DA:364,0
DA:367,0
DA:369,0
DA:370,0
DA:376,0
DA:389,0
DA:394,0
DA:399,0
DA:400,0
DA:409,0
DA:410,0
DA:411,0
DA:414,0
DA:416,0
DA:417,0
LF:141
LH:0
BRDA:12,0,0,0
BRDA:12,0,1,0
BRDA:21,1,0,0
BRDA:21,1,1,0
BRDA:23,2,0,0
BRDA:23,2,1,0
BRDA:38,3,0,0
BRDA:38,3,1,0
BRDA:77,4,0,0
BRDA:77,4,1,0
BRDA:83,5,0,0
BRDA:83,5,1,0
BRDA:88,6,0,0
BRDA:88,6,1,0
BRDA:100,7,0,0
BRDA:105,8,0,0
BRDA:105,8,1,0
BRDA:105,9,0,0
BRDA:105,9,1,0
BRDA:126,10,0,0
BRDA:130,11,0,0
BRDA:130,11,1,0
BRDA:130,11,2,0
BRDA:130,11,3,0
BRDA:135,12,0,0
BRDA:135,12,1,0
BRDA:141,13,0,0
BRDA:141,13,1,0
BRDA:150,14,0,0
BRDA:150,14,1,0
BRDA:150,15,0,0
BRDA:150,15,1,0
BRDA:168,16,0,0
BRDA:168,16,1,0
BRDA:176,17,0,0
BRDA:176,17,1,0
BRDA:191,18,0,0
BRDA:191,18,1,0
BRDA:191,18,2,0
BRDA:191,18,3,0
BRDA:197,19,0,0
BRDA:197,19,1,0
BRDA:202,20,0,0
BRDA:202,20,1,0
BRDA:207,21,0,0
BRDA:207,21,1,0
BRDA:213,22,0,0
BRDA:213,22,1,0
BRDA:217,23,0,0
BRDA:217,23,1,0
BRDA:218,24,0,0
BRDA:218,24,1,0
BRDA:219,25,0,0
BRDA:219,25,1,0
BRDA:222,26,0,0
BRDA:222,26,1,0
BRDA:228,27,0,0
BRDA:228,27,1,0
BRDA:235,28,0,0
BRDA:235,28,1,0
BRDA:247,29,0,0
BRDA:247,29,1,0
BRDA:251,30,0,0
BRDA:251,30,1,0
BRDA:263,31,0,0
BRDA:263,31,1,0
BRDA:282,32,0,0
BRDA:282,32,1,0
BRDA:284,33,0,0
BRDA:284,33,1,0
BRDA:293,34,0,0
BRDA:293,34,1,0
BRDA:293,35,0,0
BRDA:293,35,1,0
BRDA:305,36,0,0
BRDA:305,36,1,0
BRDA:332,37,0,0
BRDA:332,37,1,0
BRDA:334,38,0,0
BRDA:334,38,1,0
BRDA:341,39,0,0
BRDA:341,39,1,0
BRDA:352,40,0,0
BRDA:352,40,1,0
BRDA:360,41,0,0
BRDA:360,41,1,0
BRDA:409,42,0,0
BRDA:409,42,1,0
BRF:88
BRH:0
end_of_record
TN:
SF:services/paymentService.ts
FN:15,(anonymous_0)
FN:215,(anonymous_1)
FN:316,(anonymous_2)
FN:360,(anonymous_3)
FN:431,(anonymous_4)
FN:495,(anonymous_5)
FN:529,(anonymous_6)
FN:551,(anonymous_7)
FN:591,(anonymous_8)
FNF:9
FNH:0
FNDA:0,(anonymous_0)
FNDA:0,(anonymous_1)
FNDA:0,(anonymous_2)
FNDA:0,(anonymous_3)
FNDA:0,(anonymous_4)
FNDA:0,(anonymous_5)
FNDA:0,(anonymous_6)
FNDA:0,(anonymous_7)
FNDA:0,(anonymous_8)
DA:3,0
DA:5,0
DA:15,0
DA:16,0
DA:17,0
DA:19,0
DA:23,0
DA:216,0
DA:218,0
DA:221,0
DA:226,0
DA:228,0
DA:265,0
DA:271,0
DA:280,0
DA:282,0
DA:284,0
DA:294,0
DA:300,0
DA:306,0
DA:317,0
DA:319,0
DA:320,0
DA:326,0
DA:328,0
DA:333,0
DA:342,0
DA:343,0
DA:347,0
DA:348,0
DA:351,0
DA:353,0
DA:370,0
DA:372,0
DA:373,0
DA:389,0
DA:390,0
DA:393,0
DA:394,0
DA:397,0
DA:399,0
DA:401,0
DA:416,0
DA:417,0
DA:418,0
DA:420,0
DA:423,0
DA:424,0
DA:432,0
DA:433,0
DA:434,0
DA:435,0
DA:439,0
DA:440,0
DA:445,0
DA:449,0
DA:450,0
DA:451,0
DA:452,0
DA:453,0
DA:454,0
DA:455,0
DA:457,0
DA:461,0
DA:471,0
DA:474,0
DA:486,0
DA:488,0
DA:496,0
DA:497,0
DA:516,0
DA:517,0
DA:520,0
DA:522,0
DA:530,0
DA:531,0
DA:538,0
DA:539,0
DA:542,0
DA:544,0
DA:552,0
DA:554,0
DA:563,0
DA:564,0
DA:568,0
DA:577,0
DA:578,0
DA:581,0
DA:583,0
DA:592,0
DA:594,0
DA:602,0
DA:603,0
DA:606,0
DA:607,0
DA:610,0
DA:611,0
DA:612,0
DA:616,0
DA:619,0
DA:646,0
DA:655,0
DA:657,0
DA:659,0
DA:671,0
DA:672,0
DA:673,0
DA:674,0
DA:675,0
DA:676,0
DA:677,0
DA:680,0
DA:689,0
DA:694,0
DA:697,0
DA:705,0
LF:116
LH:0
BRDA:3,0,0,0
BRDA:3,0,1,0
BRDA:6,1,0,0
BRDA:6,1,1,0
BRDA:7,2,0,0
BRDA:7,2,1,0
BRDA:8,3,0,0
BRDA:8,3,1,0
BRDA:16,4,0,0
BRDA:16,4,1,0
BRDA:16,5,0,0
BRDA:16,5,1,0
BRDA:16,5,2,0
BRDA:226,6,0,0
BRDA:226,6,1,0
BRDA:243,7,0,0
BRDA:243,7,1,0
BRDA:255,8,0,0
BRDA:255,8,1,0
BRDA:259,9,0,0
BRDA:259,9,1,0
BRDA:265,10,0,0
BRDA:265,10,1,0
BRDA:282,11,0,0
BRDA:282,11,1,0
BRDA:302,12,0,0
BRDA:302,12,1,0
BRDA:319,13,0,0
BRDA:319,13,1,0
BRDA:326,14,0,0
BRDA:326,14,1,0
BRDA:326,15,0,0
BRDA:326,15,1,0
BRDA:337,16,0,0
BRDA:337,16,1,0
BRDA:342,17,0,0
BRDA:342,17,1,0
BRDA:347,18,0,0
BRDA:347,18,1,0
BRDA:389,19,0,0
BRDA:389,19,1,0
BRDA:393,20,0,0
BRDA:393,20,1,0
BRDA:393,21,0,0
BRDA:393,21,1,0
BRDA:416,22,0,0
BRDA:416,22,1,0
BRDA:434,23,0,0
BRDA:434,23,1,0
BRDA:439,24,0,0
BRDA:439,24,1,0
BRDA:445,25,0,0
BRDA:445,25,1,0
BRDA:450,26,0,0
BRDA:450,26,1,0
BRDA:452,27,0,0
BRDA:452,27,1,0
BRDA:454,28,0,0
BRDA:454,28,1,0
BRDA:471,29,0,0
BRDA:471,29,1,0
BRDA:482,30,0,0
BRDA:482,30,1,0
BRDA:486,31,0,0
BRDA:486,31,1,0
BRDA:516,32,0,0
BRDA:516,32,1,0
BRDA:516,33,0,0
BRDA:516,33,1,0
BRDA:538,34,0,0
BRDA:538,34,1,0
BRDA:542,35,0,0
BRDA:542,35,1,0
BRDA:563,36,0,0
BRDA:563,36,1,0
BRDA:577,37,0,0
BRDA:577,37,1,0
BRDA:602,38,0,0
BRDA:602,38,1,0
BRDA:602,39,0,0
BRDA:602,39,1,0
BRDA:606,40,0,0
BRDA:606,40,1,0
BRDA:611,41,0,0
BRDA:611,41,1,0
BRDA:657,42,0,0
BRDA:657,42,1,0
BRDA:672,43,0,0
BRDA:672,43,1,0
BRDA:674,44,0,0
BRDA:674,44,1,0
BRDA:676,45,0,0
BRDA:676,45,1,0
BRDA:694,46,0,0
BRDA:694,46,1,0
BRDA:699,47,0,0
BRDA:699,47,1,0
BRF:97
BRH:0
end_of_record
TN:
SF:services/pollService.ts
FN:41,(anonymous_0)
FN:83,(anonymous_1)
FN:103,(anonymous_2)
FN:169,(anonymous_3)
FN:201,(anonymous_4)
FN:202,(anonymous_5)
FN:218,(anonymous_6)
FN:244,(anonymous_7)
FN:269,(anonymous_8)
FN:273,(anonymous_9)
FN:290,(anonymous_10)
FN:325,(anonymous_11)
FN:340,(anonymous_12)
FN:359,(anonymous_13)
FN:361,(anonymous_14)
FN:377,(anonymous_15)
FN:390,(anonymous_16)
FN:405,(anonymous_17)
FN:426,(anonymous_18)
FN:462,(anonymous_19)
FN:479,(anonymous_20)
FN:493,(anonymous_21)
FN:503,(anonymous_22)
FN:525,(anonymous_23)
FN:546,(anonymous_24)
FNF:25
FNH:0
FNDA:0,(anonymous_0)
FNDA:0,(anonymous_1)
FNDA:0,(anonymous_2)
FNDA:0,(anonymous_3)
FNDA:0,(anonymous_4)
FNDA:0,(anonymous_5)
FNDA:0,(anonymous_6)
FNDA:0,(anonymous_7)
FNDA:0,(anonymous_8)
FNDA:0,(anonymous_9)
FNDA:0,(anonymous_10)
FNDA:0,(anonymous_11)
FNDA:0,(anonymous_12)
FNDA:0,(anonymous_13)
FNDA:0,(anonymous_14)
FNDA:0,(anonymous_15)
FNDA:0,(anonymous_16)
FNDA:0,(anonymous_17)
FNDA:0,(anonymous_18)
FNDA:0,(anonymous_19)
FNDA:0,(anonymous_20)
FNDA:0,(anonymous_21)
FNDA:0,(anonymous_22)
FNDA:0,(anonymous_23)
FNDA:0,(anonymous_24)
DA:42,0
DA:44,0
DA:50,0
DA:53,0
DA:59,0
DA:68,0
DA:69,0
DA:72,0
DA:73,0
DA:74,0
DA:90,0
DA:92,0
DA:98,0
DA:99,0
DA:103,0
DA:109,0
DA:121,0
DA:124,0
DA:128,0
DA:129,0
DA:131,0
DA:143,0
DA:145,0
DA:150,0
DA:151,0
DA:154,0
DA:158,0
DA:160,0
DA:162,0
DA:174,0
DA:176,0
DA:182,0
DA:183,0
DA:186,0
DA:187,0
DA:190,0
DA:191,0
DA:194,0
DA:200,0
DA:201,0
DA:202,0
DA:203,0
DA:204,0
DA:207,0
DA:213,0
DA:214,0
DA:218,0
DA:224,0
DA:228,0
DA:229,0
DA:233,0
DA:235,0
DA:237,0
DA:245,0
DA:247,0
DA:253,0
DA:254,0
DA:258,0
DA:259,0
DA:260,0
DA:266,0
DA:267,0
DA:269,0
DA:273,0
DA:275,0
DA:281,0
DA:283,0
DA:291,0
DA:293,0
DA:299,0
DA:300,0
DA:303,0
DA:304,0
DA:307,0
DA:312,0
DA:313,0
DA:316,0
DA:318,0
DA:326,0
DA:327,0
DA:333,0
DA:334,0
DA:337,0
DA:340,0
DA:341,0
DA:343,0
DA:344,0
DA:350,0
DA:351,0
DA:352,0
DA:353,0
DA:354,0
[...]
BRDA:348,44,1,0
BRDA:374,45,0,0
BRDA:374,45,1,0
BRDA:375,46,0,0
BRDA:375,46,1,0
BRDA:375,46,2,0
BRDA:375,46,3,0
BRDA:375,46,4,0
BRDA:375,46,5,0
BRDA:377,47,0,0
BRDA:377,47,1,0
BRDA:377,48,0,0
BRDA:377,48,1,0
BRDA:378,49,0,0
BRDA:378,49,1,0
BRDA:382,50,0,0
BRDA:382,50,1,0
BRDA:382,51,0,0
BRDA:382,51,1,0
BRDA:383,52,0,0
BRDA:383,52,1,0
BRDA:387,53,0,0
BRDA:387,53,1,0
BRDA:388,54,0,0
BRDA:388,54,1,0
BRDA:392,55,0,0
BRDA:392,55,1,0
BRDA:393,56,0,0
BRDA:393,56,1,0
BRDA:397,57,0,0
BRDA:397,57,1,0
BRDA:398,58,0,0
BRDA:398,58,1,0
BRDA:402,59,0,0
BRDA:402,59,1,0
BRDA:403,60,0,0
BRDA:403,60,1,0
BRDA:409,61,0,0
BRDA:409,61,1,0
BRDA:430,62,0,0
BRDA:430,62,1,0
BRDA:431,63,0,0
BRDA:431,63,1,0
BRDA:432,64,0,0
BRDA:432,64,1,0
BRDA:435,65,0,0
BRDA:435,65,1,0
BRF:135
BRH:30
end_of_record
TN:
SF:services/portfolios/portfolioPriceFeed.ts
FN:49,toYahooSymbol
FN:53,toFinnhubSymbol
FN:72,fetchFinnhubQuote
FN:96,fetchYahooQuote
FN:121,persistQuote
FN:139,loadQuoteFromSupabase
FN:171,getQuote
FN:196,getQuotes
FN:200,(anonymous_8)
FN:202,(anonymous_9)
FN:238,getHistoricalPrices
FN:281,getPriceAtDate
FN:309,searchSymbols
FN:326,(anonymous_13)
FN:338,clearPriceCaches
FNF:15
FNH:0
FNDA:0,toYahooSymbol
FNDA:0,toFinnhubSymbol
FNDA:0,fetchFinnhubQuote
FNDA:0,fetchYahooQuote
FNDA:0,persistQuote
FNDA:0,loadQuoteFromSupabase
FNDA:0,getQuote
FNDA:0,getQuotes
FNDA:0,(anonymous_8)
FNDA:0,(anonymous_9)
FNDA:0,getHistoricalPrices
FNDA:0,getPriceAtDate
FNDA:0,searchSymbols
FNDA:0,(anonymous_13)
FNDA:0,clearPriceCaches
DA:27,0
DA:28,0
DA:29,0
DA:40,0
DA:41,0
DA:50,0
DA:54,0
DA:73,0
DA:77,0
DA:78,0
DA:79,0
DA:80,0
DA:81,0
DA:82,0
DA:91,0
DA:97,0
DA:98,0
DA:101,0
DA:102,0
DA:103,0
DA:104,0
DA:105,0
DA:106,0
DA:107,0
DA:108,0
DA:117,0
DA:122,0
DA:123,0
DA:140,0
DA:141,0
DA:148,0
DA:149,0
DA:150,0
DA:151,0
DA:160,0
DA:172,0
DA:173,0
DA:175,0
DA:176,0
DA:177,0
DA:180,0
DA:181,0
DA:182,0
DA:183,0
DA:187,0
DA:188,0
DA:189,0
DA:190,0
DA:192,0
DA:199,0
DA:200,0
DA:201,0
DA:203,0
DA:204,0
DA:207,0
DA:242,0
DA:243,0
DA:244,0
DA:245,0
DA:246,0
DA:247,0
DA:250,0
DA:251,0
DA:254,0
DA:255,0
DA:256,0
DA:257,0
DA:258,0
DA:261,0
DA:264,0
DA:265,0
DA:266,0
DA:267,0
DA:268,0
DA:269,0
DA:270,0
DA:273,0
DA:274,0
DA:276,0
DA:286,0
DA:287,0
DA:288,0
DA:289,0
DA:290,0
DA:291,0
DA:292,0
DA:294,0
DA:312,0
DA:313,0
DA:314,0
DA:317,0
DA:318,0
DA:319,0
DA:320,0
DA:326,0
DA:333,0
DA:339,0
DA:340,0
LF:98
LH:0
BRDA:79,0,0,0
BRDA:79,0,1,0
BRDA:81,1,0,0
BRDA:81,1,1,0
BRDA:81,2,0,0
BRDA:81,2,1,0
BRDA:81,2,2,0
BRDA:85,3,0,0
BRDA:85,3,1,0
BRDA:87,4,0,0
BRDA:87,4,1,0
BRDA:102,5,0,0
BRDA:102,5,1,0
BRDA:105,6,0,0
BRDA:105,6,1,0
BRDA:107,7,0,0
BRDA:107,7,1,0
BRDA:111,8,0,0
BRDA:111,8,1,0
BRDA:111,8,2,0
BRDA:112,9,0,0
BRDA:112,9,1,0
BRDA:113,10,0,0
BRDA:113,10,1,0
BRDA:148,11,0,0
BRDA:148,11,1,0
BRDA:148,12,0,0
BRDA:148,12,1,0
BRDA:150,13,0,0
BRDA:150,13,1,0
BRDA:154,14,0,0
BRDA:154,14,1,0
BRDA:176,15,0,0
BRDA:176,15,1,0
BRDA:176,16,0,0
BRDA:176,16,1,0
BRDA:181,17,0,0
BRDA:181,17,1,0
BRDA:187,18,0,0
BRDA:187,18,1,0
BRDA:188,19,0,0
BRDA:188,19,1,0
BRDA:204,20,0,0
BRDA:204,20,1,0
BRDA:240,21,0,0
BRDA:246,22,0,0
BRDA:246,22,1,0
BRDA:246,23,0,0
BRDA:246,23,1,0
BRDA:255,24,0,0
BRDA:255,24,1,0
BRDA:258,25,0,0
BRDA:258,25,1,0
BRDA:258,26,0,0
BRDA:258,26,1,0
BRDA:261,27,0,0
BRDA:261,27,1,0
BRDA:267,28,0,0
BRDA:267,28,1,0
BRDA:284,29,0,0
BRDA:287,30,0,0
BRDA:287,30,1,0
BRDA:291,31,0,0
BRDA:291,31,1,0
BRDA:294,32,0,0
BRDA:294,32,1,0
BRDA:312,33,0,0
BRDA:312,33,1,0
BRDA:312,34,0,0
BRDA:312,34,1,0
BRDA:318,35,0,0
BRDA:318,35,1,0
BRDA:320,36,0,0
BRDA:320,36,1,0
BRF:74
BRH:0
end_of_record
TN:
SF:services/portfolios/realtimeQuotes.ts
FN:45,(anonymous_0)
FN:47,(anonymous_1)
FN:53,(anonymous_2)
FN:63,(anonymous_3)
FN:79,(anonymous_4)
FN:84,(anonymous_5)
FN:90,(anonymous_6)
FN:97,(anonymous_7)
FN:104,(anonymous_8)
FN:107,(anonymous_9)
FN:110,(anonymous_10)
FN:122,(anonymous_11)
FN:140,(anonymous_12)
FN:148,(anonymous_13)
FN:154,(anonymous_14)
FN:171,(anonymous_15)
FN:180,(anonymous_16)
FNF:17
FNH:0
FNDA:0,(anonymous_0)
FNDA:0,(anonymous_1)
FNDA:0,(anonymous_2)
FNDA:0,(anonymous_3)
FNDA:0,(anonymous_4)
FNDA:0,(anonymous_5)
FNDA:0,(anonymous_6)
FNDA:0,(anonymous_7)
FNDA:0,(anonymous_8)
FNDA:0,(anonymous_9)
FNDA:0,(anonymous_10)
FNDA:0,(anonymous_11)
FNDA:0,(anonymous_12)
FNDA:0,(anonymous_13)
FNDA:0,(anonymous_14)
FNDA:0,(anonymous_15)
FNDA:0,(anonymous_16)
DA:15,0
DA:16,0
DA:18,0
DA:19,0
DA:29,0
DA:30,0
DA:31,0
DA:32,0
DA:33,0
DA:34,0
DA:36,0
DA:38,0
DA:40,0
DA:46,0
DA:47,0
DA:48,0
DA:54,0
DA:55,0
DA:56,0
DA:57,0
DA:59,0
DA:60,0
DA:62,0
DA:63,0
DA:64,0
DA:65,0
DA:66,0
DA:67,0
DA:68,0
DA:69,0
DA:71,0
DA:72,0
DA:73,0
DA:80,0
DA:85,0
DA:91,0
DA:92,0
DA:93,0
DA:94,0
DA:95,0
DA:96,0
DA:97,0
DA:98,0
DA:99,0
DA:100,0
DA:101,0
DA:102,0
DA:104,0
DA:105,0
DA:107,0
DA:110,0
DA:111,0
DA:112,0
DA:113,0
DA:114,0
DA:117,0
DA:118,0
DA:123,0
DA:124,0
DA:125,0
DA:127,0
DA:128,0
DA:129,0
DA:133,0
DA:135,0
DA:136,0
DA:137,0
DA:141,0
DA:142,0
DA:143,0
DA:147,0
DA:148,0
DA:149,0
DA:150,0
DA:155,0
DA:156,0
DA:157,0
DA:158,0
DA:159,0
DA:160,0
DA:163,0
DA:164,0
DA:165,0
DA:166,0
DA:172,0
DA:173,0
DA:174,0
DA:181,0
DA:183,0
DA:184,0
DA:186,0
DA:188,0
DA:189,0
DA:192,0
DA:193,0
DA:194,0
DA:195,0
DA:196,0
DA:197,0
DA:198,0
DA:201,0
DA:203,0
DA:204,0
DA:205,0
DA:206,0
DA:207,0
DA:216,0
LF:107
LH:0
BRDA:15,0,0,0
BRDA:15,0,1,0
BRDA:56,1,0,0
BRDA:56,1,1,0
BRDA:64,2,0,0
BRDA:64,2,1,0
BRDA:67,3,0,0
BRDA:67,3,1,0
BRDA:68,4,0,0
BRDA:68,4,1,0
BRDA:72,5,0,0
BRDA:72,5,1,0
BRDA:80,6,0,0
BRDA:80,6,1,0
BRDA:91,7,0,0
BRDA:91,7,1,0
BRDA:91,8,0,0
BRDA:91,8,1,0
BRDA:123,9,0,0
BRDA:123,9,1,0
BRDA:127,10,0,0
BRDA:127,10,1,0
BRDA:141,11,0,0
BRDA:141,11,1,0
BRDA:142,12,0,0
BRDA:142,12,1,0
BRDA:155,13,0,0
BRDA:155,13,1,0
BRDA:155,14,0,0
BRDA:155,14,1,0
BRDA:158,15,0,0
BRDA:158,15,1,0
BRDA:164,16,0,0
BRDA:164,16,1,0
BRDA:172,17,0,0
BRDA:172,17,1,0
BRDA:172,18,0,0
BRDA:172,18,1,0
BRDA:181,19,0,0
BRDA:181,19,1,0
BRDA:188,20,0,0
BRDA:188,20,1,0
BRDA:189,21,0,0
BRDA:189,21,1,0
BRDA:189,22,0,0
BRDA:189,22,1,0
BRDA:194,23,0,0
BRDA:194,23,1,0
BRDA:194,24,0,0
BRDA:194,24,1,0
BRDA:194,24,2,0
BRDA:195,25,0,0
BRDA:195,25,1,0
BRDA:197,26,0,0
BRDA:197,26,1,0
BRDA:197,27,0,0
BRDA:197,27,1,0
BRDA:201,28,0,0
BRDA:201,28,1,0
BRF:59
BRH:0
end_of_record
TN:
SF:utils/appDialog.ts
FN:20,registerAppDialog
FN:28,showAppDialog
FN:39,showAppAlert
FN:52,showAppConfirm
FN:71,(anonymous_4)
FN:81,inferAlertType
FN:93,legacyAlert
FN:94,(anonymous_7)
FN:98,(anonymous_8)
FNF:9
FNH:0
FNDA:0,registerAppDialog
FNDA:0,showAppDialog
FNDA:0,showAppAlert
FNDA:0,showAppConfirm
FNDA:0,(anonymous_4)
FNDA:0,inferAlertType
FNDA:0,legacyAlert
FNDA:0,(anonymous_7)
FNDA:0,(anonymous_8)
DA:17,0
DA:21,0
DA:29,0
DA:30,0
DA:31,0
DA:33,0
DA:35,0
DA:40,0
DA:61,0
DA:62,0
DA:63,0
DA:71,0
DA:82,0
DA:83,0
DA:84,0
DA:85,0
DA:86,0
DA:94,0
DA:95,0
DA:97,0
DA:98,0
DA:104,0
DA:105,0
LF:23
LH:0
BRDA:29,0,0,0
BRDA:29,0,1,0
BRDA:30,1,0,0
BRDA:30,1,1,0
BRDA:39,2,0,0
BRDA:61,3,0,0
BRDA:61,3,1,0
BRDA:62,4,0,0
BRDA:62,4,1,0
BRDA:66,5,0,0
BRDA:66,5,1,0
BRDA:68,6,0,0
BRDA:68,6,1,0
BRDA:82,7,0,0
BRDA:82,7,1,0
BRDA:83,8,0,0
BRDA:83,8,1,0
BRDA:84,9,0,0
BRDA:84,9,1,0
BRDA:85,10,0,0
BRDA:85,10,1,0
BRDA:97,11,0,0
BRDA:97,11,1,0
BRDA:97,12,0,0
BRDA:97,12,1,0
BRDA:100,13,0,0
BRDA:100,13,1,0
BRDA:107,14,0,0
BRDA:107,14,1,0
BRF:29
BRH:0
end_of_record
TN:
SF:utils/brandfetch.ts
FN:4,normalizeTickerSymbol
FN:18,brandfetchTickerLogoUri
FNF:2
FNH:0
FNDA:0,normalizeTickerSymbol
FNDA:0,brandfetchTickerLogoUri
DA:5,0
DA:6,0
DA:7,0
DA:8,0
DA:9,0
DA:10,0
DA:19,0
DA:20,0
DA:21,0
LF:9
LH:0
BRDA:7,0,0,0
BRDA:7,0,1,0
BRDA:20,1,0,0
BRDA:20,1,1,0
BRDA:20,2,0,0
BRDA:20,2,1,0
BRF:6
BRH:0
end_of_record
TN:
SF:utils/economicEventTranslations.ts
FN:114,translateEconomicEventName
FN:142,translateEconomicEventNameSmart
FNF:2
FNH:0
FNDA:0,translateEconomicEventName
FNDA:0,translateEconomicEventNameSmart
DA:4,0
DA:115,0
DA:116,0
DA:120,0
DA:121,0
DA:122,0
DA:126,0
DA:128,0
DA:129,0
DA:132,0
DA:133,0
DA:138,0
DA:143,0
DA:144,0
DA:148,0
DA:149,0
DA:150,0
DA:154,0
DA:155,0
DA:157,0
DA:158,0
DA:161,0
DA:162,0
DA:163,0
DA:164,0
DA:169,0
DA:170,0
DA:174,0
LF:28
LH:0
BRDA:115,0,0,0
BRDA:115,0,1,0
BRDA:115,1,0,0
BRDA:115,1,1,0
BRDA:121,2,0,0
BRDA:121,2,1,0
BRDA:132,3,0,0
BRDA:132,3,1,0
BRDA:132,4,0,0
BRDA:132,4,1,0
BRDA:143,5,0,0
BRDA:143,5,1,0
BRDA:143,6,0,0
BRDA:143,6,1,0
BRDA:149,7,0,0
BRDA:149,7,1,0
BRDA:161,8,0,0
BRDA:161,8,1,0
BRDA:161,9,0,0
BRDA:161,9,1,0
BRDA:163,10,0,0
BRDA:163,10,1,0
BRDA:163,11,0,0
BRDA:163,11,1,0
BRDA:169,12,0,0
BRDA:169,12,1,0
BRF:26
BRH:0
end_of_record
TN:
SF:utils/economicIndicatorExplanations.ts
FN:172,getIndicatorExplanation
FN:425,getIndicatorTitle
FNF:2
FNH:0
FNDA:0,getIndicatorExplanation
FNDA:0,getIndicatorTitle
DA:1,0
DA:173,0
DA:174,0
DA:175,0
DA:178,0
DA:179,0
DA:181,0
DA:182,0
DA:184,0
DA:185,0
DA:187,0
DA:188,0
DA:190,0
DA:191,0
DA:193,0
DA:194,0
DA:197,0
DA:198,0
DA:200,0
DA:201,0
DA:203,0
DA:204,0
DA:206,0
DA:207,0
DA:210,0
DA:211,0
DA:213,0
DA:214,0
DA:217,0
DA:218,0
DA:220,0
DA:221,0
DA:224,0
DA:225,0
DA:227,0
DA:228,0
DA:231,0
DA:232,0
DA:234,0
DA:235,0
DA:237,0
DA:238,0
DA:240,0
DA:241,0
DA:243,0
DA:244,0
DA:246,0
DA:247,0
DA:249,0
DA:250,0
DA:253,0
DA:254,0
DA:256,0
DA:257,0
DA:259,0
DA:260,0
DA:263,0
DA:264,0
DA:266,0
DA:267,0
DA:270,0
DA:271,0
DA:273,0
DA:274,0
DA:276,0
DA:277,0
DA:279,0
DA:280,0
DA:282,0
DA:283,0
DA:285,0
DA:286,0
DA:288,0
DA:289,0
DA:292,0
DA:293,0
DA:295,0
DA:296,0
DA:298,0
DA:299,0
DA:301,0
DA:302,0
DA:304,0
DA:305,0
DA:307,0
DA:308,0
DA:310,0
DA:311,0
DA:313,0
DA:314,0
DA:317,0
DA:318,0
DA:320,0
DA:321,0
DA:323,0
DA:324,0
DA:326,0
DA:327,0
DA:329,0
DA:330,0
DA:332,0
DA:333,0
DA:336,0
DA:337,0
DA:339,0
DA:340,0
DA:342,0
DA:343,0
DA:345,0
DA:346,0
DA:349,0
DA:350,0
DA:352,0
DA:353,0
DA:355,0
DA:356,0
DA:358,0
DA:359,0
DA:362,0
DA:363,0
DA:365,0
DA:366,0
DA:368,0
DA:369,0
DA:371,0
DA:372,0
DA:375,0
DA:376,0
DA:378,0
DA:379,0
DA:381,0
DA:382,0
DA:385,0
DA:386,0
DA:388,0
DA:389,0
DA:391,0
DA:392,0
DA:395,0
DA:396,0
DA:398,0
DA:399,0
DA:401,0
DA:402,0
DA:404,0
DA:405,0
DA:407,0
DA:408,0
DA:410,0
DA:411,0
DA:414,0
DA:415,0
DA:417,0
DA:418,0
DA:421,0
DA:426,0
LF:156
LH:0
BRDA:174,0,0,0
BRDA:174,0,1,0
BRDA:175,1,0,0
BRDA:175,1,1,0
BRDA:178,2,0,0
BRDA:178,2,1,0
BRDA:178,3,0,0
BRDA:178,3,1,0
BRDA:178,3,2,0
BRDA:181,4,0,0
BRDA:181,4,1,0
BRDA:181,5,0,0
BRDA:181,5,1,0
BRDA:184,6,0,0
BRDA:184,6,1,0
BRDA:184,7,0,0
BRDA:184,7,1,0
BRDA:187,8,0,0
BRDA:187,8,1,0
BRDA:187,9,0,0
BRDA:187,9,1,0
BRDA:190,10,0,0
BRDA:190,10,1,0
BRDA:190,11,0,0
BRDA:190,11,1,0
BRDA:193,12,0,0
BRDA:193,12,1,0
BRDA:193,13,0,0
BRDA:193,13,1,0
BRDA:193,13,2,0
BRDA:197,14,0,0
BRDA:197,14,1,0
BRDA:197,15,0,0
BRDA:197,15,1,0
BRDA:200,16,0,0
BRDA:200,16,1,0
BRDA:200,17,0,0
BRDA:200,17,1,0
BRDA:203,18,0,0
BRDA:203,18,1,0
BRDA:203,19,0,0
BRDA:203,19,1,0
BRDA:206,20,0,0
BRDA:206,20,1,0
BRDA:210,21,0,0
BRDA:210,21,1,0
BRDA:210,22,0,0
BRDA:210,22,1,0
BRDA:213,23,0,0
BRDA:213,23,1,0
BRDA:217,24,0,0
BRDA:217,24,1,0
BRDA:217,25,0,0
BRDA:217,25,1,0
BRDA:220,26,0,0
BRDA:220,26,1,0
BRDA:224,27,0,0
BRDA:224,27,1,0
BRDA:227,28,0,0
BRDA:227,28,1,0
BRDA:231,29,0,0
BRDA:231,29,1,0
BRDA:231,30,0,0
BRDA:231,30,1,0
BRDA:231,30,2,0
BRDA:234,31,0,0
BRDA:234,31,1,0
BRDA:234,32,0,0
BRDA:234,32,1,0
BRDA:237,33,0,0
BRDA:237,33,1,0
BRDA:237,34,0,0
BRDA:237,34,1,0
BRDA:240,35,0,0
BRDA:240,35,1,0
BRDA:243,36,0,0
BRDA:243,36,1,0
BRDA:243,37,0,0
BRDA:243,37,1,0
BRDA:246,38,0,0
BRDA:246,38,1,0
BRDA:246,39,0,0
BRDA:246,39,1,0
BRDA:249,40,0,0
BRDA:249,40,1,0
BRDA:249,41,0,0
BRDA:249,41,1,0
BRDA:253,42,0,0
BRDA:253,42,1,0
BRDA:253,43,0,0
BRDA:253,43,1,0
BRDA:256,44,0,0
BRDA:256,44,1,0
BRDA:256,45,0,0
BRDA:256,45,1,0
BRDA:259,46,0,0
BRDA:259,46,1,0
BRDA:263,47,0,0
BRDA:263,47,1,0
BRDA:263,48,0,0
BRDA:263,48,1,0
BRDA:266,49,0,0
BRDA:266,49,1,0
BRDA:270,50,0,0
BRDA:270,50,1,0
BRDA:273,51,0,0
BRDA:273,51,1,0
BRDA:276,52,0,0
BRDA:276,52,1,0
BRDA:279,53,0,0
BRDA:279,53,1,0
BRDA:282,54,0,0
BRDA:282,54,1,0
BRDA:285,55,0,0
BRDA:285,55,1,0
BRDA:288,56,0,0
BRDA:288,56,1,0
BRDA:288,57,0,0
BRDA:288,57,1,0
BRDA:292,58,0,0
BRDA:292,58,1,0
BRDA:292,59,0,0
BRDA:292,59,1,0
BRDA:295,60,0,0
BRDA:295,60,1,0
BRDA:295,61,0,0
BRDA:295,61,1,0
BRDA:298,62,0,0
BRDA:298,62,1,0
BRDA:298,63,0,0
BRDA:298,63,1,0
BRDA:301,64,0,0
BRDA:301,64,1,0
BRDA:301,65,0,0
BRDA:301,65,1,0
BRDA:304,66,0,0
BRDA:304,66,1,0
BRDA:304,67,0,0
BRDA:304,67,1,0
BRDA:307,68,0,0
BRDA:307,68,1,0
BRDA:310,69,0,0
BRDA:310,69,1,0
BRDA:313,70,0,0
BRDA:313,70,1,0
BRDA:317,71,0,0
BRDA:317,71,1,0
BRDA:320,72,0,0
BRDA:320,72,1,0
BRDA:323,73,0,0
BRDA:323,73,1,0
BRDA:326,74,0,0
BRDA:326,74,1,0
BRDA:329,75,0,0
BRDA:329,75,1,0
BRDA:332,76,0,0
BRDA:332,76,1,0
BRDA:336,77,0,0
BRDA:336,77,1,0
BRDA:339,78,0,0
BRDA:339,78,1,0
BRDA:339,79,0,0
BRDA:339,79,1,0
BRDA:342,80,0,0
BRDA:342,80,1,0
BRDA:342,81,0,0
BRDA:342,81,1,0
BRDA:345,82,0,0
BRDA:345,82,1,0
BRDA:349,83,0,0
BRDA:349,83,1,0
BRDA:352,84,0,0
BRDA:352,84,1,0
BRDA:355,85,0,0
BRDA:355,85,1,0
BRDA:358,86,0,0
BRDA:358,86,1,0
BRDA:362,87,0,0
BRDA:362,87,1,0
BRDA:362,88,0,0
BRDA:362,88,1,0
BRDA:365,89,0,0
BRDA:365,89,1,0
BRDA:365,90,0,0
BRDA:365,90,1,0
BRDA:368,91,0,0
BRDA:368,91,1,0
BRDA:368,92,0,0
BRDA:368,92,1,0
BRDA:371,93,0,0
BRDA:371,93,1,0
BRDA:371,94,0,0
BRDA:371,94,1,0
BRDA:375,95,0,0
BRDA:375,95,1,0
BRDA:375,96,0,0
BRDA:375,96,1,0
BRDA:375,96,2,0
BRDA:378,97,0,0
BRDA:378,97,1,0
BRDA:381,98,0,0
BRDA:381,98,1,0
BRDA:381,99,0,0
BRDA:381,99,1,0
BRDA:381,99,2,0
BRDA:385,100,0,0
BRDA:385,100,1,0
BRDA:388,101,0,0
BRDA:388,101,1,0
BRDA:388,102,0,0
BRDA:388,102,1,0
BRDA:391,103,0,0
BRDA:391,103,1,0
BRDA:391,104,0,0
BRDA:391,104,1,0
BRDA:395,105,0,0
BRDA:395,105,1,0
BRDA:395,106,0,0
BRDA:395,106,1,0
BRDA:395,106,2,0
BRDA:398,107,0,0
BRDA:398,107,1,0
BRDA:398,108,0,0
BRDA:398,108,1,0
BRDA:398,108,2,0
BRDA:401,109,0,0
BRDA:401,109,1,0
BRDA:401,110,0,0
BRDA:401,110,1,0
BRDA:404,111,0,0
BRDA:404,111,1,0
BRDA:404,112,0,0
BRDA:404,112,1,0
BRDA:407,113,0,0
BRDA:407,113,1,0
BRDA:410,114,0,0
BRDA:410,114,1,0
BRDA:414,115,0,0
BRDA:414,115,1,0
BRDA:417,116,0,0
BRDA:417,116,1,0
BRF:241
BRH:0
end_of_record
TN:
SF:utils/economicNumberFormat.ts
FN:5,splitNumericPrefix
FN:44,parseEconomicNumber
FN:55,formatEconomicDisplayValue
FNF:3
FNH:0
FNDA:0,splitNumericPrefix
FNDA:0,parseEconomicNumber
FNDA:0,formatEconomicDisplayValue
DA:6,0
DA:7,0
DA:9,0
DA:10,0
DA:11,0
DA:12,0
DA:13,0
DA:16,0
DA:17,0
DA:18,0
DA:19,0
DA:20,0
DA:21,0
DA:22,0
DA:24,0
DA:25,0
DA:26,0
DA:28,0
DA:29,0
DA:30,0
DA:31,0
DA:33,0
DA:36,0
DA:38,0
DA:39,0
DA:40,0
DA:45,0
DA:46,0
DA:47,0
DA:48,0
DA:49,0
DA:56,0
DA:57,0
DA:58,0
DA:59,0
DA:61,0
DA:62,0
DA:64,0
DA:65,0
DA:67,0
DA:68,0
DA:70,0
DA:75,0
LF:43
LH:0
BRDA:7,0,0,0
BRDA:7,0,1,0
BRDA:11,1,0,0
BRDA:11,1,1,0
BRDA:11,2,0,0
BRDA:11,2,1,0
BRDA:20,3,0,0
BRDA:20,3,1,0
BRDA:20,4,0,0
BRDA:20,4,1,0
BRDA:24,5,0,0
BRDA:24,5,1,0
BRDA:28,6,0,0
BRDA:28,6,1,0
BRDA:28,7,0,0
BRDA:28,7,1,0
BRDA:36,8,0,0
BRDA:36,8,1,0
BRDA:45,9,0,0
BRDA:45,9,1,0
BRDA:47,10,0,0
BRDA:47,10,1,0
BRDA:56,11,0,0
BRDA:56,11,1,0
BRDA:59,12,0,0
BRDA:59,12,1,0
BRDA:62,13,0,0
BRDA:62,13,1,0
BRDA:62,14,0,0
BRDA:62,14,1,0
BRDA:65,15,0,0
BRDA:65,15,1,0
BRDA:67,16,0,0
BRDA:67,16,1,0
BRDA:67,17,0,0
BRDA:67,17,1,0
BRF:36
BRH:0
end_of_record
TN:
SF:utils/hapticFeedback.ts
FN:5,triggerDrawerMenuHaptic
FN:19,drawerMenuTap
FN:27,(anonymous_2)
FN:39,(anonymous_3)
FN:43,(anonymous_4)
FN:47,(anonymous_5)
FN:53,(anonymous_6)
FN:61,(anonymous_7)
FN:69,(anonymous_8)
FN:77,(anonymous_9)
FN:85,(anonymous_10)
FN:93,(anonymous_11)
FN:101,(anonymous_12)
FN:112,(anonymous_13)
FN:131,(anonymous_14)
FNF:15
FNH:0
FNDA:0,triggerDrawerMenuHaptic
FNDA:0,drawerMenuTap
FNDA:0,(anonymous_2)
FNDA:0,(anonymous_3)
FNDA:0,(anonymous_4)
FNDA:0,(anonymous_5)
FNDA:0,(anonymous_6)
FNDA:0,(anonymous_7)
FNDA:0,(anonymous_8)
FNDA:0,(anonymous_9)
FNDA:0,(anonymous_10)
FNDA:0,(anonymous_11)
FNDA:0,(anonymous_12)
FNDA:0,(anonymous_13)
FNDA:0,(anonymous_14)
DA:6,0
DA:7,0
DA:8,0
DA:10,0
DA:11,0
DA:20,0
DA:24,0
DA:25,0
DA:28,0
DA:29,0
DA:30,0
DA:31,0
DA:32,0
DA:33,0
DA:34,0
DA:40,0
DA:44,0
DA:48,0
DA:49,0
DA:54,0
DA:55,0
DA:56,0
DA:57,0
DA:62,0
DA:63,0
DA:64,0
DA:65,0
DA:70,0
DA:71,0
DA:72,0
DA:73,0
DA:78,0
DA:79,0
DA:80,0
DA:81,0
DA:86,0
DA:87,0
DA:88,0
DA:89,0
DA:94,0
DA:95,0
DA:96,0
DA:97,0
DA:102,0
DA:103,0
DA:104,0
DA:105,0
DA:113,0
DA:114,0
DA:115,0
DA:116,0
DA:117,0
DA:118,0
DA:120,0
DA:131,0
LF:55
LH:0
BRDA:11,0,0,0
BRDA:11,0,1,0
BRDA:28,1,0,0
BRDA:28,1,1,0
BRDA:32,2,0,0
BRDA:32,2,1,0
BRDA:48,3,0,0
BRDA:48,3,1,0
BRDA:56,4,0,0
BRDA:56,4,1,0
BRDA:64,5,0,0
BRDA:64,5,1,0
BRDA:72,6,0,0
BRDA:72,6,1,0
BRDA:80,7,0,0
BRDA:80,7,1,0
BRDA:88,8,0,0
BRDA:88,8,1,0
BRDA:96,9,0,0
BRDA:96,9,1,0
BRDA:104,10,0,0
BRDA:104,10,1,0
BRDA:115,11,0,0
BRDA:115,11,1,0
BRDA:120,12,0,0
BRDA:120,12,1,0
BRF:26
BRH:0
end_of_record
TN:
SF:utils/iconMapping.ts
FN:158,(anonymous_0)
FNF:1
FNH:0
FNDA:0,(anonymous_0)
DA:61,0
DA:158,0
DA:159,0
DA:160,0
DA:161,0
DA:165,0
LF:6
LH:0
BRDA:158,0,0,0
BRDA:158,1,0,0
BRDA:158,2,0,0
BRDA:160,3,0,0
BRDA:160,3,1,0
BRF:5
BRH:0
end_of_record
TN:
SF:utils/logger.ts
FN:7,log
FN:33,(anonymous_1)
FN:34,(anonymous_2)
FN:35,(anonymous_3)
FN:36,(anonymous_4)
FNF:5
FNH:0
FNDA:0,log
FNDA:0,(anonymous_1)
FNDA:0,(anonymous_2)
FNDA:0,(anonymous_3)
FNDA:0,(anonymous_4)
DA:5,0
DA:8,0
DA:10,0
DA:11,0
DA:13,0
DA:16,0
DA:17,0
DA:18,0
DA:20,0
DA:21,0
DA:22,0
DA:24,0
DA:25,0
DA:26,0
DA:27,0
DA:32,0
DA:33,0
DA:34,0
DA:35,0
DA:36,0
LF:20
LH:0
BRDA:8,0,0,0
BRDA:8,0,1,0
BRDA:8,1,0,0
BRDA:8,1,1,0
BRDA:13,2,0,0
BRDA:13,2,1,0
BRDA:13,2,2,0
BRDA:13,2,3,0
BRDA:16,3,0,0
BRDA:16,3,1,0
BRDA:20,4,0,0
BRDA:20,4,1,0
BRDA:24,5,0,0
BRDA:24,5,1,0
BRDA:25,6,0,0
BRDA:25,6,1,0
BRF:16
BRH:0
end_of_record
TN:
SF:utils/sentry.ts
FN:5,initSentry
FN:22,(anonymous_1)
FN:26,(anonymous_2)
FN:43,captureError
FN:50,(anonymous_4)
FN:51,(anonymous_5)
FN:61,addBreadcrumb
FN:70,setUser
FN:74,clearUser
FNF:9
FNH:0
FNDA:0,initSentry
FNDA:0,(anonymous_1)
FNDA:0,(anonymous_2)
FNDA:0,captureError
FNDA:0,(anonymous_4)
FNDA:0,(anonymous_5)
FNDA:0,addBreadcrumb
FNDA:0,setUser
FNDA:0,clearUser
DA:3,0
DA:6,0
DA:7,0
DA:8,0
DA:10,0
DA:13,0
DA:23,0
DA:25,0
DA:26,0
DA:27,0
DA:28,0
DA:29,0
DA:30,0
DA:31,0
DA:32,0
DA:35,0
DA:38,0
DA:44,0
DA:45,0
DA:46,0
DA:49,0
DA:50,0
DA:51,0
DA:52,0
DA:54,0
DA:57,0
DA:62,0
DA:71,0
DA:75,0
LF:29
LH:0
BRDA:6,0,0,0
BRDA:6,0,1,0
BRDA:7,1,0,0
BRDA:7,1,1,0
BRDA:19,2,0,0
BRDA:19,2,1,0
BRDA:23,3,0,0
BRDA:23,3,1,0
BRDA:25,4,0,0
BRDA:25,4,1,0
BRDA:27,5,0,0
BRDA:27,5,1,0
BRDA:44,6,0,0
BRDA:44,6,1,0
BRDA:49,7,0,0
BRDA:49,7,1,0
BRF:16
BRH:0
end_of_record
TN:
SF:utils/textRanges.ts
FN:18,(anonymous_0)
FN:24,(anonymous_1)
FN:35,(anonymous_2)
FN:41,(anonymous_3)
FN:44,(anonymous_4)
FN:72,(anonymous_5)
FN:77,(anonymous_6)
FN:78,(anonymous_7)
FN:88,(anonymous_8)
FN:99,(anonymous_9)
FN:129,(anonymous_10)
FN:133,(anonymous_11)
FN:139,(anonymous_12)
FN:143,(anonymous_13)
FN:149,(anonymous_14)
FN:157,(anonymous_15)
FNF:16
FNH:0
FNDA:0,(anonymous_0)
FNDA:0,(anonymous_1)
FNDA:0,(anonymous_2)
FNDA:0,(anonymous_3)
FNDA:0,(anonymous_4)
FNDA:0,(anonymous_5)
FNDA:0,(anonymous_6)
FNDA:0,(anonymous_7)
FNDA:0,(anonymous_8)
FNDA:0,(anonymous_9)
FNDA:0,(anonymous_10)
FNDA:0,(anonymous_11)
FNDA:0,(anonymous_12)
FNDA:0,(anonymous_13)
FNDA:0,(anonymous_14)
FNDA:0,(anonymous_15)
DA:18,0
DA:22,0
DA:24,0
DA:25,0
DA:26,0
DA:35,0
DA:41,0
DA:42,0
DA:44,0
DA:45,0
DA:46,0
DA:48,0
DA:49,0
DA:51,0
DA:53,0
DA:60,0
DA:61,0
DA:65,0
DA:66,0
DA:72,0
DA:76,0
DA:77,0
DA:78,0
DA:88,0
DA:92,0
DA:93,0
DA:96,0
DA:97,0
DA:99,0
DA:101,0
DA:102,0
DA:108,0
DA:113,0
DA:117,0
DA:118,0
DA:123,0
DA:129,0
DA:133,0
DA:139,0
DA:143,0
DA:149,0
DA:155,0
DA:157,0
DA:158,0
DA:160,0
DA:163,0
DA:165,0
DA:172,0
DA:174,0
DA:181,0
LF:50
LH:0
BRDA:25,0,0,0
BRDA:25,0,1,0
BRDA:25,1,0,0
BRDA:25,1,1,0
BRDA:42,2,0,0
BRDA:42,2,1,0
BRDA:51,3,0,0
BRDA:51,3,1,0
BRDA:77,4,0,0
BRDA:77,4,1,0
BRDA:92,5,0,0
BRDA:92,5,1,0
BRDA:101,6,0,0
BRDA:101,6,1,0
BRDA:117,7,0,0
BRDA:117,7,1,0
BRDA:133,8,0,0
BRDA:133,8,1,0
BRDA:143,9,0,0
BRDA:143,9,1,0
BRDA:143,10,0,0
BRDA:143,10,1,0
BRDA:158,11,0,0
BRDA:158,11,1,0
BRDA:163,12,0,0
BRDA:163,12,1,0
BRDA:172,13,0,0
BRDA:172,13,1,0
BRDA:172,14,0,0
BRDA:172,14,1,0
BRF:30
BRH:0
end_of_record
